node   1  (   0,    0) (   9,    3) (  29,    4) (  44,    6) (  65,   25) (  81,   63) (  81,   85) (  81,   93) (  81,   81) (  81,   81)
          (  81,   81) (  81,   81) (  81,   81) (  81,   81) (  81,   81) (  81,   81) (  81,   81) (  81,   81) (  81,   81) (  81,   81)
          (  81,   81) (  81,   81) (  81,   81) (  81,   81) (  81,   81) (  81,   81) (  81,   81) (  81,   81) (  81,   81) (  81,   81)
          (  81,   81) (  81,   81) (  81,   81) (  81,   81) (  81,   81) (  81,   81) (  81,   81) (  81,   81) (  81,   81) (  81,   81)
          (  81,   81) (  81,   81) (  81,   81) (  81,   81) (  81,   81) (  81,   81) (  81,   81) (  81,   81) (  81,   81) (  81,   81)
          (  81,   81) (  81,   81) (  81,   81) (  81,   81) (  81,   81) (  81,   81) (  81,   81) (  81,   81) (  81,   81) (  81,   81)
          (  81,   81) (  81,   81) (  81,   81) (  81,   81) (  81,   81) (  81,   81) (  81,   81) (  81,   81) (  81,   81) (  81,   81)
          (  81,   81) (  81,   81) (  81,   81) (  81,   81) (  81,   81) (  81,   81) (  81,   81) (  81,   81) (  81,   81) (  81,   81)
          (  81,   81) (  81,   81) (  81,   81) (  81,   81) (  81,   81) (  81,   81) (  81,   81) (  81,   81) (  81,   81) (  81,   81)
          (  81,   81) (  81,   81) (  81,   81) (  81,   81) (  81,   81) (  81,   81) (  81,   81) (  81,   81) (  81,   81) (  81,   81)
          (  81,   81) (  81,   81) (  73,   72) (  73,   64) (  73,   64) (  73,   64) (  73,   64) (  72,   64) (  64,   64) (  64,   64)
          (  64,   64) (  64,   64) (  64,   64) (  64,   64) (  64,   64) (  64,   64) (  64,   64) (  64,   64) (  64,   64) (  64,   64)
          (  64,   64) (  64,   64) (  64,   64) (  64,   64) (  64,   64) (  64,   64) (  64,   64) (  64,   64) (  64,   64) (  64,   64)
          (  64,   64) (  64,   64) (  64,   64) (  64,   64) (  64,   64) (  64,   64) (  64,   64) (  64,   64) (  64,   64) (  64,   64)
          (  64,   64) (  64,   64) (  64,   64) (  64,   64) (  64,   64) (  64,   64) (  64,   64) (  64,   64) (  64,   64) (  64,   64)
          (  64,   64) (  64,   64) (  64,   64) (  64,   64) (  64,   64) (  64,   64) (  64,   64) (  64,   64) (  64,   64) (  64,   64)
          (  64,   64) (  64,   64) (  64,   64) (  64,   64) (  64,   64) (  64,   64) (  64,   64) (  64,   64) (  64,   64) (  64,   64)
          (  64,   64) (  64,   64) (  64,   64) (  64,   64) (  64,   64) (  64,   64) (  64,   64) (  64,   64) (  64,   64) (  64,   64)
          (  64,   64) (  64,   64) (  64,   64) (  64,   64) (  64,   64) (  64,   64) (  64,   64) (  64,   64) (  64,   64) (  64,   64)
          (  64,   64) (  64,   64) (  64,   64) (  64,   64) (  64,   64) (  64,   64) (  64,   64) (  64,   64) (  64,   64) (  64,   64)
          (  64,   64) (  64,   64) (  64,   64) (  64,   64) (  64,   64) (  64,   64) (  64,   64) (  64,   64) (  64,   64) (  64,   64)
          (  64,   64) (  64,   64) (  64,   64) (  64,   64) (  64,   64) (  64,   64) (  64,   64) (  64,   64) (  64,   64) (  64,   64)
          (  64,   64) (  64,   64) (  64,   64) (  64,   64) (  64,   64) (  64,   64) (  64,   64) (  64,   64) (  64,   64) (  64,   64)
          (  64,   64) (  64,   64) (  64,   64) (  64,   64) (  64,   64) (  64,   64) (  64,   64) (  64,   64) (  64,   64) (  64,   64)
          (  64,   64) (  64,   64) (  64,   64) (  64,   64) (  64,   64) (  64,   64) (  64,   64) (  64,   64) (  64,   64) (  64,   64)
          (  64,   64) (  64,   64) (  64,   64) (  64,   64) (  64,   64) (  64,   64) (  64,   64) (  64,   64) (  64,   64) (  64,   64)
          (  64,   64) (  64,   64) (  64,   64) (  64,   64) (  64,   64) (  64,   64) (  64,   64) (  64,   64) (  64,   64) (  64,   64)
          (  64,   64) (  64,   64) (  64,   64) (  64,   64) (  64,   64) (  64,   64) (  64,   64) (  64,   64) (  64,   64) (  64,   64)
          (  64,   64) (  64,   64) (  64,   64) (  64,   64) (  64,   64) (  64,   64) (  64,   64) (  64,   64) (  64,   64) (  64,   64)
          (  64,   64) (  64,   64) (  64,   64) (  64,   64) (  64,   64) (  64,   64) (  64,   64) (  64,   64) (  64,   64) (  64,   64)
          (  64,   64) (  64,   64) (  64,   64) (  64,   64) (  64,   64) (  64,   64) (  64,   64) (  64,   64) (  64,   64) (  64,   64)
          (  64,   64) (  64,   64) (  64,   64) (  64,   64) (  64,   64) (  64,   64) (  64,   64) (  64,   64) (  64,   64) (  64,   64)
          (  64,   64) (  64,   64) (  64,   64) (  64,   64) (  64,   64) (  64,   64) (  64,   64) (  64,   64) (  64,   64) (  64,   64)
          (  64,   64) (  64,   64) (  64,   64) (  64,   64) (  64,   64) (  64,   64) (  64,   64) (  64,   64) (  64,   64) (  64,   64)
          (  64,   64) (  64,   64) (  64,   64) (  64,   64) (  64,   64) (  64,   64) (  64,   64) (  64,   64) (  64,   64) (  64,   64)
          (  64,   64) (  64,   64) (  64,   64) (  64,   64) (  64,   64) (  64,   64) (  64,   64) (  64,   64) (  64,   64) (  64,   64)
          (  64,   64) (  64,   64) (  64,   64) (  64,   64) (  64,   64) (  64,   64) (  64,   64) (  64,   64) (  64,   64) (  64,   64)
          (  64,   64) (  64,   64) (  64,   64) (  64,   64) (  64,   64) (  64,   64) (  64,   64) (  64,   64) (  64,   64) (  64,   64)
          (  64,   64) (  64,   64) (  64,   64) (  64,   64) (  64,   64) (  64,   64) (  64,   64) (  64,   64) (  64,   64) (  64,   64)
          (  64,   64) (  64,   64) (  64,   64) (  64,   64) (  64,   64) (  64,   64) (  64,   64) (  64,   64) (  64,   64) (  64,   64)
          (  64,   64) (  64,   64) (  64,   64) (  64,   64) (  64,   64) (  64,   64) (  64,   64) (  64,   64) (  64,   64) (  64,   64)
          (  64,   64) (  64,   64) (  64,   64) (  64,   64) (  64,   64) (  64,   64) (  64,   64) (  64,   64) (  64,   64) (  64,   64)
          (  64,   64) (  64,   64) (  64,   64) (  64,   64) (  64,   64) (  64,   64) (  64,   64) (  64,   64) (  64,   64) (  64,   64)
          (  64,   64) (  64,   64) (  64,   64) (  64,   64) (  64,   64) (  64,   64) (  64,   64) (  64,   64) (  64,   64) (  64,   64)
          (  64,   64) (  64,   64) (  64,   64) (  64,   64) (  64,   64) (  64,   64) (  64,   64) (  64,   64) (  64,   64) (  64,   64)
          (  64,   64) (  64,   64) (  64,   64) (  64,   64) (  64,   64) (  64,   64) (  64,   64) (  64,   64) (  64,   64) (  64,   64)
          (  64,   64) (  64,   64) (  64,   64) (  64,   64) (  64,   64) (  64,   64) (  64,   64) (  64,   64) (  64,   64) (  64,   64)
          (  64,   64) (  64,   64) (  64,   64) (  64,   64) (  64,   64) (  64,   64) (  64,   64) (  64,   64) (  64,   64) (  64,   64)
          (  64,   64) (  64,   64) (  64,   64) (  64,   64) (  64,   64) (  64,   64) (  64,   64) (  64,   64) (  64,   64) (  64,   64)
          (  64,   64) (  64,   64) (  64,   64) (  64,   64) (  64,   64) (  64,   64) (  64,   64) (  64,   64) (  64,   64) (  64,   64)
          (  64,   64) (  64,   64) (  64,   64) (  64,   64) (  64,   64) (  64,   64) (  64,   64) (  64,   64) (  64,   64) (  64,   64)
          (  64,   64) (  64,   64) (  64,   64) (  64,   64) (  64,   64) (  64,   64) (  64,   64) (  64,   64) (  64,   64) (  64,   64)
          (  64,   64) (  64,   64) (  64,   64) (  64,   64) (  64,   64) (  64,   64) (  64,   64) (  64,   64) (  64,   64) (  64,   64)
          (  64,   64) (  64,   64) (  64,   64) (  64,   64) (  64,   64) (  64,   64) (  64,   64) (  64,   64) (  64,   64) (  64,   64)
          (  64,   64) (  64,   64) (  64,   64) (  64,   64) (  64,   64) (  64,   64) (  64,   64) (  64,   64) (  64,   64) (  64,   64)
          (  64,   64) (  64,   64) (  64,   64) (  64,   64) (  64,   64) (  64,   64) (  64,   64) (  64,   64) (  64,   64) (  64,   64)
          (  64,   64) (  64,   64) (  64,   64) (  64,   64) (  64,   64) (  64,   64) (  64,   64) (  64,   64) (  64,   64) (  64,   64)
          (  64,   64) (  64,   64) (  64,   64) (  64,   64) (  64,   64) (  64,   64) (  64,   64) (  64,   64) (  64,   64) (  64,   64)
          (  64,   64) (  64,   64) (  64,   64) (  64,   64) (  64,   64) (  64,   64) (  64,   64) (  64,   64) (  64,   64) (  64,   64)
          (  64,   64) (  64,   64) (  64,   64) (  64,   64) (  64,   64) (  64,   64) (  64,   64) (  64,   64) (  64,   64) (  64,   64)
          (  64,   64) (  64,   64) (  64,   64) (  64,   64) (  64,   64) (  64,   64) (  64,   64) (  64,   64) (  64,   64) (  64,   64)
          (  64,   64) (  64,   64) (  64,   64) (  64,   64) (  64,   64) (  64,   64) (  64,   64) (  64,   64) (  64,   64) (  64,   64)
          (  64,   64) (  64,   64) (  64,   64) (  64,   64) (  64,   64) (  64,   64) (  64,   64) (  64,   64) (  64,   64) (  64,   64)
          (  64,   64) (  64,   64) (  64,   64) (  64,   64) (  64,   64) (  64,   64) (  64,   64) (  64,   64) (  64,   64) (  64,   64)
          (  64,   64) (  64,   64) (  64,   64) (  64,   64) (  64,   64) (  64,   64) (  64,   64) (  64,   64) (  64,   64) (  64,   64)
          (  64,   64) (  64,   64) (  64,   64) (  64,   64) (  64,   64) (  64,   64) (  64,   64) (  64,   64) (  64,   64) (  64,   64)
          (  64,   64) (  64,   64) (  64,   64) (  64,   64) (  64,   64) (  64,   64) (  64,   64) (  64,   64) (  64,   64) (  64,   64)
          (  64,   64) (  64,   64) (  64,   64) (  64,   64) (  64,   64) (  64,   64) (  64,   64) (  64,   64) (  64,   64) (  64,   64)
          (  64,   64) (  64,   64) (  64,   64) (  64,   64) (  64,   64) (  64,   64) (  64,   64) (  64,   64) (  64,   64) (  64,   64)
          (  64,   64) (  64,   64) (  64,   64) (  64,   64) (  64,   64) (  64,   64) (  64,   64) (  64,   64) (  64,   64) (  64,   64)
         
node   1 sent_total  46329  recv_total  46173

node   2  (   1,    0) (   0,    0) (   8,    4) (  27,    5) (  54,   12) (  81,   49) (  97,   72) (  81,   91) (  81,   81) (  81,   81)
          (  81,   81) (  81,   81) (  81,   81) (  81,   81) (  81,   81) (  81,   81) (  81,   81) (  81,   81) (  81,   81) (  81,   81)
          (  81,   81) (  81,   81) (  81,   81) (  81,   81) (  81,   81) (  81,   81) (  81,   81) (  81,   81) (  81,   81) (  81,   81)
          (  81,   81) (  81,   81) (  81,   81) (  81,   81) (  81,   81) (  81,   81) (  81,   81) (  81,   81) (  81,   81) (  81,   81)
          (  81,   81) (  81,   81) (  81,   81) (  81,   81) (  81,   81) (  81,   81) (  81,   81) (  81,   81) (  81,   81) (  81,   81)
          (  81,   81) (  81,   81) (  81,   81) (  81,   81) (  81,   81) (  81,   81) (  81,   81) (  81,   81) (  81,   81) (  81,   81)
          (  81,   81) (  81,   81) (  81,   81) (  81,   81) (  81,   81) (  81,   81) (  81,   81) (  81,   81) (  81,   81) (  81,   81)
          (  81,   81) (  81,   81) (  81,   81) (  81,   81) (  81,   81) (  81,   81) (  81,   81) (  81,   81) (  81,   81) (  81,   81)
          (  81,   81) (  81,   81) (  81,   81) (  81,   81) (  81,   81) (  81,   81) (  81,   81) (  81,   81) (  81,   81) (  81,   81)
          (  81,   81) (  81,   81) (  81,   81) (  81,   81) (  81,   81) (  81,   81) (  81,   81) (  81,   81) (  81,   81) (  81,   81)
          (  81,   81) (  81,   81) (  73,   72) (  73,   64) (  73,   64) (  73,   64) (  73,   64) (  72,   64) (  64,   64) (  64,   64)
          (  64,   64) (  64,   64) (  64,   64) (  64,   64) (  64,   64) (  64,   64) (  64,   64) (  64,   64) (  64,   64) (  64,   64)
          (  64,   64) (  64,   64) (  64,   64) (  64,   64) (  64,   64) (  64,   64) (  64,   64) (  64,   64) (  64,   64) (  64,   64)
          (  64,   64) (  64,   64) (  64,   64) (  64,   64) (  64,   64) (  64,   64) (  64,   64) (  64,   64) (  64,   64) (  64,   64)
          (  64,   64) (  64,   64) (  64,   64) (  64,   64) (  64,   64) (  64,   64) (  64,   64) (  64,   64) (  64,   64) (  64,   64)
          (  64,   64) (  64,   64) (  64,   64) (  64,   64) (  64,   64) (  64,   64) (  64,   64) (  64,   64) (  64,   64) (  64,   64)
          (  64,   64) (  64,   64) (  64,   64) (  64,   64) (  64,   64) (  64,   64) (  64,   64) (  64,   64) (  64,   64) (  64,   64)
          (  64,   64) (  64,   64) (  64,   64) (  64,   64) (  64,   64) (  64,   64) (  64,   64) (  64,   64) (  64,   64) (  64,   64)
          (  64,   64) (  64,   64) (  64,   64) (  64,   64) (  64,   64) (  64,   64) (  64,   64) (  64,   64) (  64,   64) (  64,   64)
          (  64,   64) (  64,   64) (  64,   64) (  64,   64) (  64,   64) (  64,   64) (  64,   64) (  64,   64) (  64,   64) (  64,   64)
          (  64,   64) (  64,   64) (  64,   64) (  64,   64) (  64,   64) (  64,   64) (  64,   64) (  64,   64) (  64,   64) (  64,   64)
          (  64,   64) (  64,   64) (  64,   64) (  64,   64) (  64,   64) (  64,   64) (  64,   64) (  64,   64) (  64,   64) (  64,   64)
          (  64,   64) (  64,   64) (  64,   64) (  64,   64) (  64,   64) (  64,   64) (  64,   64) (  64,   64) (  64,   64) (  64,   64)
          (  64,   64) (  64,   64) (  64,   64) (  64,   64) (  64,   64) (  64,   64) (  64,   64) (  64,   64) (  64,   64) (  64,   64)
          (  64,   64) (  64,   64) (  64,   64) (  64,   64) (  64,   64) (  64,   64) (  64,   64) (  64,   64) (  64,   64) (  64,   64)
          (  64,   64) (  64,   64) (  64,   64) (  64,   64) (  64,   64) (  64,   64) (  64,   64) (  64,   64) (  64,   64) (  64,   64)
          (  64,   64) (  64,   64) (  64,   64) (  64,   64) (  64,   64) (  64,   64) (  64,   64) (  64,   64) (  64,   64) (  64,   64)
          (  64,   64) (  64,   64) (  64,   64) (  64,   64) (  64,   64) (  64,   64) (  64,   64) (  64,   64) (  64,   64) (  64,   64)
          (  64,   64) (  64,   64) (  64,   64) (  64,   64) (  64,   64) (  64,   64) (  64,   64) (  64,   64) (  64,   64) (  64,   64)
          (  64,   64) (  64,   64) (  64,   64) (  64,   64) (  64,   64) (  64,   64) (  64,   64) (  64,   64) (  64,   64) (  64,   64)
          (  64,   64) (  64,   64) (  64,   64) (  64,   64) (  64,   64) (  64,   64) (  64,   64) (  64,   64) (  64,   64) (  64,   64)
          (  64,   64) (  64,   64) (  64,   64) (  64,   64) (  64,   64) (  64,   64) (  64,   64) (  64,   64) (  64,   64) (  64,   64)
          (  64,   64) (  64,   64) (  64,   64) (  64,   64) (  64,   64) (  64,   64) (  64,   64) (  64,   64) (  64,   64) (  64,   64)
          (  64,   64) (  64,   64) (  64,   64) (  64,   64) (  64,   64) (  64,   64) (  64,   64) (  64,   64) (  64,   64) (  64,   64)
          (  64,   64) (  64,   64) (  64,   64) (  64,   64) (  64,   64) (  64,   64) (  64,   64) (  64,   64) (  64,   64) (  64,   64)
          (  64,   64) (  64,   64) (  64,   64) (  64,   64) (  64,   64) (  64,   64) (  64,   64) (  64,   64) (  64,   64) (  64,   64)
          (  64,   64) (  64,   64) (  64,   64) (  64,   64) (  64,   64) (  64,   64) (  64,   64) (  64,   64) (  64,   64) (  64,   64)
          (  64,   64) (  64,   64) (  64,   64) (  64,   64) (  64,   64) (  64,   64) (  64,   64) (  64,   64) (  64,   64) (  64,   64)
          (  64,   64) (  64,   64) (  64,   64) (  64,   64) (  64,   64) (  64,   64) (  64,   64) (  64,   64) (  64,   64) (  64,   64)
          (  64,   64) (  64,   64) (  64,   64) (  64,   64) (  64,   64) (  64,   64) (  64,   64) (  64,   64) (  64,   64) (  64,   64)
          (  64,   64) (  64,   64) (  64,   64) (  64,   64) (  64,   64) (  64,   64) (  64,   64) (  64,   64) (  64,   64) (  64,   64)
          (  64,   64) (  64,   64) (  64,   64) (  64,   64) (  64,   64) (  64,   64) (  64,   64) (  64,   64) (  64,   64) (  64,   64)
          (  64,   64) (  64,   64) (  64,   64) (  64,   64) (  64,   64) (  64,   64) (  64,   64) (  64,   64) (  64,   64) (  64,   64)
          (  64,   64) (  64,   64) (  64,   64) (  64,   64) (  64,   64) (  64,   64) (  64,   64) (  64,   64) (  64,   64) (  64,   64)
          (  64,   64) (  64,   64) (  64,   64) (  64,   64) (  64,   64) (  64,   64) (  64,   64) (  64,   64) (  64,   64) (  64,   64)
          (  64,   64) (  64,   64) (  64,   64) (  64,   64) (  64,   64) (  64,   64) (  64,   64) (  64,   64) (  64,   64) (  64,   64)
          (  64,   64) (  64,   64) (  64,   64) (  64,   64) (  64,   64) (  64,   64) (  64,   64) (  64,   64) (  64,   64) (  64,   64)
          (  64,   64) (  64,   64) (  64,   64) (  64,   64) (  64,   64) (  64,   64) (  64,   64) (  64,   64) (  64,   64) (  64,   64)
          (  64,   64) (  64,   64) (  64,   64) (  64,   64) (  64,   64) (  64,   64) (  64,   64) (  64,   64) (  64,   64) (  64,   64)
          (  64,   64) (  64,   64) (  64,   64) (  64,   64) (  64,   64) (  64,   64) (  64,   64) (  64,   64) (  64,   64) (  64,   64)
          (  64,   64) (  64,   64) (  64,   64) (  64,   64) (  64,   64) (  64,   64) (  64,   64) (  64,   64) (  64,   64) (  64,   64)
          (  64,   64) (  64,   64) (  64,   64) (  64,   64) (  64,   64) (  64,   64) (  64,   64) (  64,   64) (  64,   64) (  64,   64)
          (  64,   64) (  64,   64) (  64,   64) (  64,   64) (  64,   64) (  64,   64) (  64,   64) (  64,   64) (  64,   64) (  64,   64)
          (  64,   64) (  64,   64) (  64,   64) (  64,   64) (  64,   64) (  64,   64) (  64,   64) (  64,   64) (  64,   64) (  64,   64)
          (  64,   64) (  64,   64) (  64,   64) (  64,   64) (  64,   64) (  64,   64) (  64,   64) (  64,   64) (  64,   64) (  64,   64)
          (  64,   64) (  64,   64) (  64,   64) (  64,   64) (  64,   64) (  64,   64) (  64,   64) (  64,   64) (  64,   64) (  64,   64)
          (  64,   64) (  64,   64) (  64,   64) (  64,   64) (  64,   64) (  64,   64) (  64,   64) (  64,   64) (  64,   64) (  64,   64)
          (  64,   64) (  64,   64) (  64,   64) (  64,   64) (  64,   64) (  64,   64) (  64,   64) (  64,   64) (  64,   64) (  64,   64)
          (  64,   64) (  64,   64) (  64,   64) (  64,   64) (  64,   64) (  64,   64) (  64,   64) (  64,   64) (  64,   64) (  64,   64)
          (  64,   64) (  64,   64) (  64,   64) (  64,   64) (  64,   64) (  64,   64) (  64,   64) (  64,   64) (  64,   64) (  64,   64)
          (  64,   64) (  64,   64) (  64,   64) (  64,   64) (  64,   64) (  64,   64) (  64,   64) (  64,   64) (  64,   64) (  64,   64)
          (  64,   64) (  64,   64) (  64,   64) (  64,   64) (  64,   64) (  64,   64) (  64,   64) (  64,   64) (  64,   64) (  64,   64)
          (  64,   64) (  64,   64) (  64,   64) (  64,   64) (  64,   64) (  64,   64) (  64,   64) (  64,   64) (  64,   64) (  64,   64)
          (  64,   64) (  64,   64) (  64,   64) (  64,   64) (  64,   64) (  64,   64) (  64,   64) (  64,   64) (  64,   64) (  64,   64)
          (  64,   64) (  64,   64) (  64,   64) (  64,   64) (  64,   64) (  64,   64) (  64,   64) (  64,   64) (  64,   64) (  64,   64)
          (  64,   64) (  64,   64) (  64,   64) (  64,   64) (  64,   64) (  64,   64) (  64,   64) (  64,   64) (  64,   64) (  64,   64)
          (  64,   64) (  64,   64) (  64,   64) (  64,   64) (  64,   64) (  64,   64) (  64,   64) (  64,   64) (  64,   64) (  64,   64)
          (  64,   64) (  64,   64) (  64,   64) (  64,   64) (  64,   64) (  64,   64) (  64,   64) (  64,   64) (  64,   64) (  64,   64)
          (  64,   64) (  64,   64) (  64,   64) (  64,   64) (  64,   64) (  64,   64) (  64,   64) (  64,   64) (  64,   64) (  64,   64)
          (  64,   64) (  64,   64) (  64,   64) (  64,   64) (  64,   64) (  64,   64) (  64,   64) (  64,   64) (  64,   64) (  64,   64)
         
node   2 sent_total  46288  recv_total  46127

node   3  (   1,    0) (   0,    0) (   3,    3) (  33,    8) (  42,   13) (  81,   51) (  97,   84) (  81,   91) (  81,   81) (  81,   81)
          (  81,   81) (  81,   81) (  81,   81) (  81,   81) (  81,   81) (  81,   81) (  81,   81) (  81,   81) (  81,   81) (  81,   81)
          (  81,   81) (  81,   81) (  81,   81) (  81,   81) (  81,   81) (  81,   81) (  81,   81) (  81,   81) (  81,   81) (  81,   81)
          (  81,   81) (  81,   81) (  81,   81) (  81,   81) (  81,   81) (  81,   81) (  81,   81) (  81,   81) (  81,   81) (  81,   81)
          (  81,   81) (  81,   81) (  81,   81) (  81,   81) (  81,   81) (  81,   81) (  81,   81) (  81,   81) (  81,   81) (  81,   81)
          (  81,   81) (  81,   81) (  81,   81) (  81,   81) (  81,   81) (  81,   81) (  81,   81) (  81,   81) (  81,   81) (  81,   81)
          (  81,   81) (  81,   81) (  81,   81) (  81,   81) (  81,   81) (  81,   81) (  81,   81) (  81,   81) (  81,   81) (  81,   81)
          (  81,   81) (  81,   81) (  81,   81) (  81,   81) (  81,   81) (  81,   81) (  81,   81) (  81,   81) (  81,   81) (  81,   81)
          (  81,   81) (  81,   81) (  81,   81) (  81,   81) (  81,   81) (  81,   81) (  81,   81) (  81,   81) (  81,   81) (  81,   81)
          (  81,   81) (  81,   81) (  81,   81) (  81,   81) (  81,   81) (  81,   81) (  81,   81) (  81,   81) (  81,   81) (  81,   81)
          (  81,   81) (  81,   81) (  73,   72) (  73,   64) (  73,   64) (  73,   64) (  73,   64) (  72,   64) (  64,   64) (  64,   64)
          (  64,   64) (  64,   64) (  64,   64) (  64,   64) (  64,   64) (  64,   64) (  64,   64) (  64,   64) (  64,   64) (  64,   64)
          (  64,   64) (  64,   64) (  64,   64) (  64,   64) (  64,   64) (  64,   64) (  64,   64) (  64,   64) (  64,   64) (  64,   64)
          (  64,   64) (  64,   64) (  64,   64) (  64,   64) (  64,   64) (  64,   64) (  64,   64) (  64,   64) (  64,   64) (  64,   64)
          (  64,   64) (  64,   64) (  64,   64) (  64,   64) (  64,   64) (  64,   64) (  64,   64) (  64,   64) (  64,   64) (  64,   64)
          (  64,   64) (  64,   64) (  64,   64) (  64,   64) (  64,   64) (  64,   64) (  64,   64) (  64,   64) (  64,   64) (  64,   64)
          (  64,   64) (  64,   64) (  64,   64) (  64,   64) (  64,   64) (  64,   64) (  64,   64) (  64,   64) (  64,   64) (  64,   64)
          (  64,   64) (  64,   64) (  64,   64) (  64,   64) (  64,   64) (  64,   64) (  64,   64) (  64,   64) (  64,   64) (  64,   64)
          (  64,   64) (  64,   64) (  64,   64) (  64,   64) (  64,   64) (  64,   64) (  64,   64) (  64,   64) (  64,   64) (  64,   64)
          (  64,   64) (  64,   64) (  64,   64) (  64,   64) (  64,   64) (  64,   64) (  64,   64) (  64,   64) (  64,   64) (  64,   64)
          (  64,   64) (  64,   64) (  64,   64) (  64,   64) (  64,   64) (  64,   64) (  64,   64) (  64,   64) (  64,   64) (  64,   64)
          (  64,   64) (  64,   64) (  64,   64) (  64,   64) (  64,   64) (  64,   64) (  64,   64) (  64,   64) (  64,   64) (  64,   64)
          (  64,   64) (  64,   64) (  64,   64) (  64,   64) (  64,   64) (  64,   64) (  64,   64) (  64,   64) (  64,   64) (  64,   64)
          (  64,   64) (  64,   64) (  64,   64) (  64,   64) (  64,   64) (  64,   64) (  64,   64) (  64,   64) (  64,   64) (  64,   64)
          (  64,   64) (  64,   64) (  64,   64) (  64,   64) (  64,   64) (  64,   64) (  64,   64) (  64,   64) (  64,   64) (  64,   64)
          (  64,   64) (  64,   64) (  64,   64) (  64,   64) (  64,   64) (  64,   64) (  64,   64) (  64,   64) (  64,   64) (  64,   64)
          (  64,   64) (  64,   64) (  64,   64) (  64,   64) (  64,   64) (  64,   64) (  64,   64) (  64,   64) (  64,   64) (  64,   64)
          (  64,   64) (  64,   64) (  64,   64) (  64,   64) (  64,   64) (  64,   64) (  64,   64) (  64,   64) (  64,   64) (  64,   64)
          (  64,   64) (  64,   64) (  64,   64) (  64,   64) (  64,   64) (  64,   64) (  64,   64) (  64,   64) (  64,   64) (  64,   64)
          (  64,   64) (  64,   64) (  64,   64) (  64,   64) (  64,   64) (  64,   64) (  64,   64) (  64,   64) (  64,   64) (  64,   64)
          (  64,   64) (  64,   64) (  64,   64) (  64,   64) (  64,   64) (  64,   64) (  64,   64) (  64,   64) (  64,   64) (  64,   64)
          (  64,   64) (  64,   64) (  64,   64) (  64,   64) (  64,   64) (  64,   64) (  64,   64) (  64,   64) (  64,   64) (  64,   64)
          (  64,   64) (  64,   64) (  64,   64) (  64,   64) (  64,   64) (  64,   64) (  64,   64) (  64,   64) (  64,   64) (  64,   64)
          (  64,   64) (  64,   64) (  64,   64) (  64,   64) (  64,   64) (  64,   64) (  64,   64) (  64,   64) (  64,   64) (  64,   64)
          (  64,   64) (  64,   64) (  64,   64) (  64,   64) (  64,   64) (  64,   64) (  64,   64) (  64,   64) (  64,   64) (  64,   64)
          (  64,   64) (  64,   64) (  64,   64) (  64,   64) (  64,   64) (  64,   64) (  64,   64) (  64,   64) (  64,   64) (  64,   64)
          (  64,   64) (  64,   64) (  64,   64) (  64,   64) (  64,   64) (  64,   64) (  64,   64) (  64,   64) (  64,   64) (  64,   64)
          (  64,   64) (  64,   64) (  64,   64) (  64,   64) (  64,   64) (  64,   64) (  64,   64) (  64,   64) (  64,   64) (  64,   64)
          (  64,   64) (  64,   64) (  64,   64) (  64,   64) (  64,   64) (  64,   64) (  64,   64) (  64,   64) (  64,   64) (  64,   64)
          (  64,   64) (  64,   64) (  64,   64) (  64,   64) (  64,   64) (  64,   64) (  64,   64) (  64,   64) (  64,   64) (  64,   64)
          (  64,   64) (  64,   64) (  64,   64) (  64,   64) (  64,   64) (  64,   64) (  64,   64) (  64,   64) (  64,   64) (  64,   64)
          (  64,   64) (  64,   64) (  64,   64) (  64,   64) (  64,   64) (  64,   64) (  64,   64) (  64,   64) (  64,   64) (  64,   64)
          (  64,   64) (  64,   64) (  64,   64) (  64,   64) (  64,   64) (  64,   64) (  64,   64) (  64,   64) (  64,   64) (  64,   64)
          (  64,   64) (  64,   64) (  64,   64) (  64,   64) (  64,   64) (  64,   64) (  64,   64) (  64,   64) (  64,   64) (  64,   64)
          (  64,   64) (  64,   64) (  64,   64) (  64,   64) (  64,   64) (  64,   64) (  64,   64) (  64,   64) (  64,   64) (  64,   64)
          (  64,   64) (  64,   64) (  64,   64) (  64,   64) (  64,   64) (  64,   64) (  64,   64) (  64,   64) (  64,   64) (  64,   64)
          (  64,   64) (  64,   64) (  64,   64) (  64,   64) (  64,   64) (  64,   64) (  64,   64) (  64,   64) (  64,   64) (  64,   64)
          (  64,   64) (  64,   64) (  64,   64) (  64,   64) (  64,   64) (  64,   64) (  64,   64) (  64,   64) (  64,   64) (  64,   64)
          (  64,   64) (  64,   64) (  64,   64) (  64,   64) (  64,   64) (  64,   64) (  64,   64) (  64,   64) (  64,   64) (  64,   64)
          (  64,   64) (  64,   64) (  64,   64) (  64,   64) (  64,   64) (  64,   64) (  64,   64) (  64,   64) (  64,   64) (  64,   64)
          (  64,   64) (  64,   64) (  64,   64) (  64,   64) (  64,   64) (  64,   64) (  64,   64) (  64,   64) (  64,   64) (  64,   64)
          (  64,   64) (  64,   64) (  64,   64) (  64,   64) (  64,   64) (  64,   64) (  64,   64) (  64,   64) (  64,   64) (  64,   64)
          (  64,   64) (  64,   64) (  64,   64) (  64,   64) (  64,   64) (  64,   64) (  64,   64) (  64,   64) (  64,   64) (  64,   64)
          (  64,   64) (  64,   64) (  64,   64) (  64,   64) (  64,   64) (  64,   64) (  64,   64) (  64,   64) (  64,   64) (  64,   64)
          (  64,   64) (  64,   64) (  64,   64) (  64,   64) (  64,   64) (  64,   64) (  64,   64) (  64,   64) (  64,   64) (  64,   64)
          (  64,   64) (  64,   64) (  64,   64) (  64,   64) (  64,   64) (  64,   64) (  64,   64) (  64,   64) (  64,   64) (  64,   64)
          (  64,   64) (  64,   64) (  64,   64) (  64,   64) (  64,   64) (  64,   64) (  64,   64) (  64,   64) (  64,   64) (  64,   64)
          (  64,   64) (  64,   64) (  64,   64) (  64,   64) (  64,   64) (  64,   64) (  64,   64) (  64,   64) (  64,   64) (  64,   64)
          (  64,   64) (  64,   64) (  64,   64) (  64,   64) (  64,   64) (  64,   64) (  64,   64) (  64,   64) (  64,   64) (  64,   64)
          (  64,   64) (  64,   64) (  64,   64) (  64,   64) (  64,   64) (  64,   64) (  64,   64) (  64,   64) (  64,   64) (  64,   64)
          (  64,   64) (  64,   64) (  64,   64) (  64,   64) (  64,   64) (  64,   64) (  64,   64) (  64,   64) (  64,   64) (  64,   64)
          (  64,   64) (  64,   64) (  64,   64) (  64,   64) (  64,   64) (  64,   64) (  64,   64) (  64,   64) (  64,   64) (  64,   64)
          (  64,   64) (  64,   64) (  64,   64) (  64,   64) (  64,   64) (  64,   64) (  64,   64) (  64,   64) (  64,   64) (  64,   64)
          (  64,   64) (  64,   64) (  64,   64) (  64,   64) (  64,   64) (  64,   64) (  64,   64) (  64,   64) (  64,   64) (  64,   64)
          (  64,   64) (  64,   64) (  64,   64) (  64,   64) (  64,   64) (  64,   64) (  64,   64) (  64,   64) (  64,   64) (  64,   64)
          (  64,   64) (  64,   64) (  64,   64) (  64,   64) (  64,   64) (  64,   64) (  64,   64) (  64,   64) (  64,   64) (  64,   64)
          (  64,   64) (  64,   64) (  64,   64) (  64,   64) (  64,   64) (  64,   64) (  64,   64) (  64,   64) (  64,   64) (  64,   64)
          (  64,   64) (  64,   64) (  64,   64) (  64,   64) (  64,   64) (  64,   64) (  64,   64) (  64,   64) (  64,   64) (  64,   64)
          (  64,   64) (  64,   64) (  64,   64) (  64,   64) (  64,   64) (  64,   64) (  64,   64) (  64,   64) (  64,   64) (  64,   64)
          (  64,   64) (  64,   64) (  64,   64) (  64,   64) (  64,   64) (  64,   64) (  64,   64) (  64,   64) (  64,   64) (  64,   64)
         
node   3 sent_total  46277  recv_total  46144

node   4  (   1,    0) (   0,    0) (   1,    2) (  40,   10) (  42,   18) (  81,   36) (  97,   71) (  81,   91) (  81,   81) (  81,   81)
          (  81,   81) (  81,   81) (  81,   81) (  81,   81) (  81,   81) (  81,   81) (  81,   81) (  81,   81) (  81,   81) (  81,   81)
          (  81,   81) (  81,   81) (  81,   81) (  81,   81) (  81,   81) (  81,   81) (  81,   81) (  81,   81) (  81,   81) (  81,   81)
          (  81,   81) (  81,   81) (  81,   81) (  81,   81) (  81,   81) (  81,   81) (  81,   81) (  81,   81) (  81,   81) (  81,   81)
          (  81,   81) (  81,   81) (  81,   81) (  81,   81) (  81,   81) (  81,   81) (  81,   81) (  81,   81) (  81,   81) (  81,   81)
          (  81,   81) (  81,   81) (  81,   81) (  81,   81) (  81,   81) (  81,   81) (  81,   81) (  81,   81) (  81,   81) (  81,   81)
          (  81,   81) (  81,   81) (  81,   81) (  81,   81) (  81,   81) (  81,   81) (  81,   81) (  81,   81) (  81,   81) (  81,   81)
          (  81,   81) (  81,   81) (  81,   81) (  81,   81) (  81,   81) (  81,   81) (  81,   81) (  81,   81) (  81,   81) (  81,   81)
          (  81,   81) (  81,   81) (  81,   81) (  81,   81) (  81,   81) (  81,   81) (  81,   81) (  81,   81) (  81,   81) (  81,   81)
          (  81,   81) (  81,   81) (  81,   81) (  81,   81) (  81,   81) (  81,   81) (  81,   81) (  81,   81) (  81,   81) (  81,   81)
          (  81,   81) (  81,   81) (  73,   72) (  73,   64) (  73,   64) (  73,   64) (  73,   64) (  72,   64) (  64,   64) (  64,   64)
          (  64,   64) (  64,   64) (  64,   64) (  64,   64) (  64,   64) (  64,   64) (  64,   64) (  64,   64) (  64,   64) (  64,   64)
          (  64,   64) (  64,   64) (  64,   64) (  64,   64) (  64,   64) (  64,   64) (  64,   64) (  64,   64) (  64,   64) (  64,   64)
          (  64,   64) (  64,   64) (  64,   64) (  64,   64) (  64,   64) (  64,   64) (  64,   64) (  64,   64) (  64,   64) (  64,   64)
          (  64,   64) (  64,   64) (  64,   64) (  64,   64) (  64,   64) (  64,   64) (  64,   64) (  64,   64) (  64,   64) (  64,   64)
          (  64,   64) (  64,   64) (  64,   64) (  64,   64) (  64,   64) (  64,   64) (  64,   64) (  64,   64) (  64,   64) (  64,   64)
          (  64,   64) (  64,   64) (  64,   64) (  64,   64) (  64,   64) (  64,   64) (  64,   64) (  64,   64) (  64,   64) (  64,   64)
          (  64,   64) (  64,   64) (  64,   64) (  64,   64) (  64,   64) (  64,   64) (  64,   64) (  64,   64) (  64,   64) (  64,   64)
          (  64,   64) (  64,   64) (  64,   64) (  64,   64) (  64,   64) (  64,   64) (  64,   64) (  64,   64) (  64,   64) (  64,   64)
          (  64,   64) (  64,   64) (  64,   64) (  64,   64) (  64,   64) (  64,   64) (  64,   64) (  64,   64) (  64,   64) (  64,   64)
          (  64,   64) (  64,   64) (  64,   64) (  64,   64) (  64,   64) (  64,   64) (  64,   64) (  64,   64) (  64,   64) (  64,   64)
          (  64,   64) (  64,   64) (  64,   64) (  64,   64) (  64,   64) (  64,   64) (  64,   64) (  64,   64) (  64,   64) (  64,   64)
          (  64,   64) (  64,   64) (  64,   64) (  64,   64) (  64,   64) (  64,   64) (  64,   64) (  64,   64) (  64,   64) (  64,   64)
          (  64,   64) (  64,   64) (  64,   64) (  64,   64) (  64,   64) (  64,   64) (  64,   64) (  64,   64) (  64,   64) (  64,   64)
          (  64,   64) (  64,   64) (  64,   64) (  64,   64) (  64,   64) (  64,   64) (  64,   64) (  64,   64) (  64,   64) (  64,   64)
          (  64,   64) (  64,   64) (  64,   64) (  64,   64) (  64,   64) (  64,   64) (  64,   64) (  64,   64) (  64,   64) (  64,   64)
          (  64,   64) (  64,   64) (  64,   64) (  64,   64) (  64,   64) (  64,   64) (  64,   64) (  64,   64) (  64,   64) (  64,   64)
          (  64,   64) (  64,   64) (  64,   64) (  64,   64) (  64,   64) (  64,   64) (  64,   64) (  64,   64) (  64,   64) (  64,   64)
          (  64,   64) (  64,   64) (  64,   64) (  64,   64) (  64,   64) (  64,   64) (  64,   64) (  64,   64) (  64,   64) (  64,   64)
          (  64,   64) (  64,   64) (  64,   64) (  64,   64) (  64,   64) (  64,   64) (  64,   64) (  64,   64) (  64,   64) (  64,   64)
          (  64,   64) (  64,   64) (  64,   64) (  64,   64) (  64,   64) (  64,   64) (  64,   64) (  64,   64) (  64,   64) (  64,   64)
          (  64,   64) (  64,   64) (  64,   64) (  64,   64) (  64,   64) (  64,   64) (  64,   64) (  64,   64) (  64,   64) (  64,   64)
          (  64,   64) (  64,   64) (  64,   64) (  64,   64) (  64,   64) (  64,   64) (  64,   64) (  64,   64) (  64,   64) (  64,   64)
          (  64,   64) (  64,   64) (  64,   64) (  64,   64) (  64,   64) (  64,   64) (  64,   64) (  64,   64) (  64,   64) (  64,   64)
          (  64,   64) (  64,   64) (  64,   64) (  64,   64) (  64,   64) (  64,   64) (  64,   64) (  64,   64) (  64,   64) (  64,   64)
          (  64,   64) (  64,   64) (  64,   64) (  64,   64) (  64,   64) (  64,   64) (  64,   64) (  64,   64) (  64,   64) (  64,   64)
          (  64,   64) (  64,   64) (  64,   64) (  64,   64) (  64,   64) (  64,   64) (  64,   64) (  64,   64) (  64,   64) (  64,   64)
          (  64,   64) (  64,   64) (  64,   64) (  64,   64) (  64,   64) (  64,   64) (  64,   64) (  64,   64) (  64,   64) (  64,   64)
          (  64,   64) (  64,   64) (  64,   64) (  64,   64) (  64,   64) (  64,   64) (  64,   64) (  64,   64) (  64,   64) (  64,   64)
          (  64,   64) (  64,   64) (  64,   64) (  64,   64) (  64,   64) (  64,   64) (  64,   64) (  64,   64) (  64,   64) (  64,   64)
          (  64,   64) (  64,   64) (  64,   64) (  64,   64) (  64,   64) (  64,   64) (  64,   64) (  64,   64) (  64,   64) (  64,   64)
          (  64,   64) (  64,   64) (  64,   64) (  64,   64) (  64,   64) (  64,   64) (  64,   64) (  64,   64) (  64,   64) (  64,   64)
          (  64,   64) (  64,   64) (  64,   64) (  64,   64) (  64,   64) (  64,   64) (  64,   64) (  64,   64) (  64,   64) (  64,   64)
          (  64,   64) (  64,   64) (  64,   64) (  64,   64) (  64,   64) (  64,   64) (  64,   64) (  64,   64) (  64,   64) (  64,   64)
          (  64,   64) (  64,   64) (  64,   64) (  64,   64) (  64,   64) (  64,   64) (  64,   64) (  64,   64) (  64,   64) (  64,   64)
          (  64,   64) (  64,   64) (  64,   64) (  64,   64) (  64,   64) (  64,   64) (  64,   64) (  64,   64) (  64,   64) (  64,   64)
          (  64,   64) (  64,   64) (  64,   64) (  64,   64) (  64,   64) (  64,   64) (  64,   64) (  64,   64) (  64,   64) (  64,   64)
          (  64,   64) (  64,   64) (  64,   64) (  64,   64) (  64,   64) (  64,   64) (  64,   64) (  64,   64) (  64,   64) (  64,   64)
          (  64,   64) (  64,   64) (  64,   64) (  64,   64) (  64,   64) (  64,   64) (  64,   64) (  64,   64) (  64,   64) (  64,   64)
          (  64,   64) (  64,   64) (  64,   64) (  64,   64) (  64,   64) (  64,   64) (  64,   64) (  64,   64) (  64,   64) (  64,   64)
          (  64,   64) (  64,   64) (  64,   64) (  64,   64) (  64,   64) (  64,   64) (  64,   64) (  64,   64) (  64,   64) (  64,   64)
          (  64,   64) (  64,   64) (  64,   64) (  64,   64) (  64,   64) (  64,   64) (  64,   64) (  64,   64) (  64,   64) (  64,   64)
          (  64,   64) (  64,   64) (  64,   64) (  64,   64) (  64,   64) (  64,   64) (  64,   64) (  64,   64) (  64,   64) (  64,   64)
          (  64,   64) (  64,   64) (  64,   64) (  64,   64) (  64,   64) (  64,   64) (  64,   64) (  64,   64) (  64,   64) (  64,   64)
          (  64,   64) (  64,   64) (  64,   64) (  64,   64) (  64,   64) (  64,   64) (  64,   64) (  64,   64) (  64,   64) (  64,   64)
          (  64,   64) (  64,   64) (  64,   64) (  64,   64) (  64,   64) (  64,   64) (  64,   64) (  64,   64) (  64,   64) (  64,   64)
          (  64,   64) (  64,   64) (  64,   64) (  64,   64) (  64,   64) (  64,   64) (  64,   64) (  64,   64) (  64,   64) (  64,   64)
          (  64,   64) (  64,   64) (  64,   64) (  64,   64) (  64,   64) (  64,   64) (  64,   64) (  64,   64) (  64,   64) (  64,   64)
          (  64,   64) (  64,   64) (  64,   64) (  64,   64) (  64,   64) (  64,   64) (  64,   64) (  64,   64) (  64,   64) (  64,   64)
          (  64,   64) (  64,   64) (  64,   64) (  64,   64) (  64,   64) (  64,   64) (  64,   64) (  64,   64) (  64,   64) (  64,   64)
          (  64,   64) (  64,   64) (  64,   64) (  64,   64) (  64,   64) (  64,   64) (  64,   64) (  64,   64) (  64,   64) (  64,   64)
          (  64,   64) (  64,   64) (  64,   64) (  64,   64) (  64,   64) (  64,   64) (  64,   64) (  64,   64) (  64,   64) (  64,   64)
          (  64,   64) (  64,   64) (  64,   64) (  64,   64) (  64,   64) (  64,   64) (  64,   64) (  64,   64) (  64,   64) (  64,   64)
          (  64,   64) (  64,   64) (  64,   64) (  64,   64) (  64,   64) (  64,   64) (  64,   64) (  64,   64) (  64,   64) (  64,   64)
          (  64,   64) (  64,   64) (  64,   64) (  64,   64) (  64,   64) (  64,   64) (  64,   64) (  64,   64) (  64,   64) (  64,   64)
          (  64,   64) (  64,   64) (  64,   64) (  64,   64) (  64,   64) (  64,   64) (  64,   64) (  64,   64) (  64,   64) (  64,   64)
          (  64,   64) (  64,   64) (  64,   64) (  64,   64) (  64,   64) (  64,   64) (  64,   64) (  64,   64) (  64,   64) (  64,   64)
          (  64,   64) (  64,   64) (  64,   64) (  64,   64) (  64,   64) (  64,   64) (  64,   64) (  64,   64) (  64,   64) (  64,   64)
          (  64,   64) (  64,   64) (  64,   64) (  64,   64) (  64,   64) (  64,   64) (  64,   64) (  64,   64) (  64,   64) (  64,   64)
          (  64,   64) (  64,   64) (  64,   64) (  64,   64) (  64,   64) (  64,   64) (  64,   64) (  64,   64) (  64,   64) (  64,   64)
         
node   4 sent_total  46282  recv_total  46122

node   5  (   0,    0) (   1,    0) (   0,    0) (  10,    5) (  54,   17) (  81,   56) (  97,   76) (  81,   91) (  81,   81) (  81,   81)
          (  81,   81) (  81,   81) (  81,   81) (  81,   81) (  81,   81) (  81,   81) (  81,   81) (  81,   81) (  81,   81) (  81,   81)
          (  81,   81) (  81,   81) (  81,   81) (  81,   81) (  81,   81) (  81,   81) (  81,   81) (  81,   81) (  81,   81) (  81,   81)
          (  81,   81) (  81,   81) (  81,   81) (  81,   81) (  81,   81) (  81,   81) (  81,   81) (  81,   81) (  81,   81) (  81,   81)
          (  81,   81) (  81,   81) (  81,   81) (  81,   81) (  81,   81) (  81,   81) (  81,   81) (  81,   81) (  81,   81) (  81,   81)
          (  81,   81) (  81,   81) (  81,   81) (  81,   81) (  81,   81) (  81,   81) (  81,   81) (  81,   81) (  81,   81) (  81,   81)
          (  81,   81) (  81,   81) (  81,   81) (  81,   81) (  81,   81) (  81,   81) (  81,   81) (  81,   81) (  81,   81) (  81,   81)
          (  81,   81) (  81,   81) (  81,   81) (  81,   81) (  81,   81) (  81,   81) (  81,   81) (  81,   81) (  81,   81) (  81,   81)
          (  81,   81) (  81,   81) (  81,   81) (  81,   81) (  81,   81) (  81,   81) (  81,   81) (  81,   81) (  81,   81) (  81,   81)
          (  81,   81) (  81,   81) (  81,   81) (  81,   81) (  81,   81) (  81,   81) (  81,   81) (  81,   81) (  81,   81) (  81,   81)
          (  81,   81) (   0,    0) (   0,    0) (   0,    0) (   0,    0) (   0,    0) (   0,    0) (   0,    0) (   0,    0) (   0,    0)
          (   0,    0) (   0,    0) (   0,    0) (   0,    0) (   0,    0) (   0,    0) (   0,    0) (   0,    0) (   0,    0) (   0,    0)
          (   0,    0) (   0,    0) (   0,    0) (   0,    0) (   0,    0) (   0,    0) (   0,    0) (   0,    0) (   0,    0) (   0,    0)
          (   0,    0) (   0,    0) (   0,    0) (   0,    0) (   0,    0) (   0,    0) (   0,    0) (   0,    0) (   0,    0) (   0,    0)
          (   0,    0) (   0,    0) (   0,    0) (   0,    0) (   0,    0) (   0,    0) (   0,    0) (   0,    0) (   0,    0) (   0,    0)
          (   0,    0) (   0,    0) (   0,    0) (   0,    0) (   0,    0) (   0,    0) (   0,    0) (   0,    0) (   0,    0) (   0,    0)
          (   0,    0) (   0,    0) (   0,    0) (   0,    0) (   0,    0) (   0,    0) (   0,    0) (   0,    0) (   0,    0) (   0,    0)
          (   0,    0) (   0,    0) (   0,    0) (   0,    0) (   0,    0) (   0,    0) (   0,    0) (   0,    0) (   0,    0) (   0,    0)
          (   0,    0) (   0,    0) (   0,    0) (   0,    0) (   0,    0) (   0,    0) (   0,    0) (   0,    0) (   0,    0) (   0,    0)
          (   0,    0) (   0,    0) (   0,    0) (   0,    0) (   0,    0) (   0,    0) (   0,    0) (   0,    0) (   0,    0) (   0,    0)
          (   0,    0) (   0,    0) (   0,    0) (   0,    0) (   0,    0) (   0,    0) (   0,    0) (   0,    0) (   0,    0) (   0,    0)
          (   0,    0) (   0,    0) (   0,    0) (   0,    0) (   0,    0) (   0,    0) (   0,    0) (   0,    0) (   0,    0) (   0,    0)
          (   0,    0) (   0,    0) (   0,    0) (   0,    0) (   0,    0) (   0,    0) (   0,    0) (   0,    0) (   0,    0) (   0,    0)
          (   0,    0) (   0,    0) (   0,    0) (   0,    0) (   0,    0) (   0,    0) (   0,    0) (   0,    0) (   0,    0) (   0,    0)
          (   0,    0) (   0,    0) (   0,    0) (   0,    0) (   0,    0) (   0,    0) (   0,    0) (   0,    0) (   0,    0) (   0,    0)
          (   0,    0) (   0,    0) (   0,    0) (   0,    0) (   0,    0) (   0,    0) (   0,    0) (   0,    0) (   0,    0) (   0,    0)
          (   0,    0) (   0,    0) (   0,    0) (   0,    0) (   0,    0) (   0,    0) (   0,    0) (   0,    0) (   0,    0) (   0,    0)
          (   0,    0) (   0,    0) (   0,    0) (   0,    0) (   0,    0) (   0,    0) (   0,    0) (   0,    0) (   0,    0) (   0,    0)
          (   0,    0) (   0,    0) (   0,    0) (   0,    0) (   0,    0) (   0,    0) (   0,    0) (   0,    0) (   0,    0) (   0,    0)
          (   0,    0) (   0,    0) (   0,    0) (   0,    0) (   0,    0) (   0,    0) (   0,    0) (   0,    0) (   0,    0) (   0,    0)
          (   0,    0) (   0,    0) (   0,    0) (   0,    0) (   0,    0) (   0,    0) (   0,    0) (   0,    0) (   0,    0) (   0,    0)
          (   0,    0) (   0,    0) (   0,    0) (   0,    0) (   0,    0) (   0,    0) (   0,    0) (   0,    0) (   0,    0) (   0,    0)
          (   0,    0) (   0,    0) (   0,    0) (   0,    0) (   0,    0) (   0,    0) (   0,    0) (   0,    0) (   0,    0) (   0,    0)
          (   0,    0) (   0,    0) (   0,    0) (   0,    0) (   0,    0) (   0,    0) (   0,    0) (   0,    0) (   0,    0) (   0,    0)
          (   0,    0) (   0,    0) (   0,    0) (   0,    0) (   0,    0) (   0,    0) (   0,    0) (   0,    0) (   0,    0) (   0,    0)
          (   0,    0) (   0,    0) (   0,    0) (   0,    0) (   0,    0) (   0,    0) (   0,    0) (   0,    0) (   0,    0) (   0,    0)
          (   0,    0) (   0,    0) (   0,    0) (   0,    0) (   0,    0) (   0,    0) (   0,    0) (   0,    0) (   0,    0) (   0,    0)
          (   0,    0) (   0,    0) (   0,    0) (   0,    0) (   0,    0) (   0,    0) (   0,    0) (   0,    0) (   0,    0) (   0,    0)
          (   0,    0) (   0,    0) (   0,    0) (   0,    0) (   0,    0) (   0,    0) (   0,    0) (   0,    0) (   0,    0) (   0,    0)
          (   0,    0) (   0,    0) (   0,    0) (   0,    0) (   0,    0) (   0,    0) (   0,    0) (   0,    0) (   0,    0) (   0,    0)
          (   0,    0) (   0,    0) (   0,    0) (   0,    0) (   0,    0) (   0,    0) (   0,    0) (   0,    0) (   0,    0) (   0,    0)
          (   0,    0) (   0,    0) (   0,    0) (   0,    0) (   0,    0) (   0,    0) (   0,    0) (   0,    0) (   0,    0) (   0,    0)
          (   0,    0) (   0,    0) (   0,    0) (   0,    0) (   0,    0) (   0,    0) (   0,    0) (   0,    0) (   0,    0) (   0,    0)
          (   0,    0) (   0,    0) (   0,    0) (   0,    0) (   0,    0) (   0,    0) (   0,    0) (   0,    0) (   0,    0) (   0,    0)
          (   0,    0) (   0,    0) (   0,    0) (   0,    0) (   0,    0) (   0,    0) (   0,    0) (   0,    0) (   0,    0) (   0,    0)
          (   0,    0) (   0,    0) (   0,    0) (   0,    0) (   0,    0) (   0,    0) (   0,    0) (   0,    0) (   0,    0) (   0,    0)
          (   0,    0) (   0,    0) (   0,    0) (   0,    0) (   0,    0) (   0,    0) (   0,    0) (   0,    0) (   0,    0) (   0,    0)
          (   0,    0) (   0,    0) (   0,    0) (   0,    0) (   0,    0) (   0,    0) (   0,    0) (   0,    0) (   0,    0) (   0,    0)
          (   0,    0) (   0,    0) (   0,    0) (   0,    0) (   0,    0) (   0,    0) (   0,    0) (   0,    0) (   0,    0) (   0,    0)
          (   0,    0) (   0,    0) (   0,    0) (   0,    0) (   0,    0) (   0,    0) (   0,    0) (   0,    0) (   0,    0) (   0,    0)
          (   0,    0) (   0,    0) (   0,    0) (   0,    0) (   0,    0) (   0,    0) (   0,    0) (   0,    0) (   0,    0) (   0,    0)
          (   0,    0) (   0,    0) (   0,    0) (   0,    0) (   0,    0) (   0,    0) (   0,    0) (   0,    0) (   0,    0) (   0,    0)
          (   0,    0) (   0,    0) (   0,    0) (   0,    0) (   0,    0) (   0,    0) (   0,    0) (   0,    0) (   0,    0) (   0,    0)
          (   0,    0) (   0,    0) (   0,    0) (   0,    0) (   0,    0) (   0,    0) (   0,    0) (   0,    0) (   0,    0) (   0,    0)
          (   0,    0) (   0,    0) (   0,    0) (   0,    0) (   0,    0) (   0,    0) (   0,    0) (   0,    0) (   0,    0) (   0,    0)
          (   0,    0) (   0,    0) (   0,    0) (   0,    0) (   0,    0) (   0,    0) (   0,    0) (   0,    0) (   0,    0) (   0,    0)
          (   0,    0) (   0,    0) (   0,    0) (   0,    0) (   0,    0) (   0,    0) (   0,    0) (   0,    0) (   0,    0) (   0,    0)
          (   0,    0) (   0,    0) (   0,    0) (   0,    0) (   0,    0) (   0,    0) (   0,    0) (   0,    0) (   0,    0) (   0,    0)
          (   0,    0) (   0,    0) (   0,    0) (   0,    0) (   0,    0) (   0,    0) (   0,    0) (   0,    0) (   0,    0) (   0,    0)
          (   0,    0) (   0,    0) (   0,    0) (   0,    0) (   0,    0) (   0,    0) (   0,    0) (   0,    0) (   0,    0) (   0,    0)
          (   0,    0) (   0,    0) (   0,    0) (   0,    0) (   0,    0) (   0,    0) (   0,    0) (   0,    0) (   0,    0) (   0,    0)
          (   0,    0) (   0,    0) (   0,    0) (   0,    0) (   0,    0) (   0,    0) (   0,    0) (   0,    0) (   0,    0) (   0,    0)
          (   0,    0) (   0,    0) (   0,    0) (   0,    0) (   0,    0) (   0,    0) (   0,    0) (   0,    0) (   0,    0) (   0,    0)
          (   0,    0) (   0,    0) (   0,    0) (   0,    0) (   0,    0) (   0,    0) (   0,    0) (   0,    0) (   0,    0) (   0,    0)
          (   0,    0) (   0,    0) (   0,    0) (   0,    0) (   0,    0) (   0,    0) (   0,    0) (   0,    0) (   0,    0) (   0,    0)
          (   0,    0) (   0,    0) (   0,    0) (   0,    0) (   0,    0) (   0,    0) (   0,    0) (   0,    0) (   0,    0) (   0,    0)
          (   0,    0) (   0,    0) (   0,    0) (   0,    0) (   0,    0) (   0,    0) (   0,    0) (   0,    0) (   0,    0) (   0,    0)
          (   0,    0) (   0,    0) (   0,    0) (   0,    0) (   0,    0) (   0,    0) (   0,    0) (   0,    0) (   0,    0) (   0,    0)
          (   0,    0) (   0,    0) (   0,    0) (   0,    0) (   0,    0) (   0,    0) (   0,    0) (   0,    0) (   0,    0) (   0,    0)
          (   0,    0) (   0,    0) (   0,    0) (   0,    0) (   0,    0) (   0,    0) (   0,    0) (   0,    0) (   0,    0) (   0,    0)
         
node   5 sent_total   7857  recv_total   7778

node   6  (   0,    0) (   1,    0) (   0,    0) (   6,    4) (  62,   22) (  73,   55) (  97,   78) (  81,   91) (  81,   81) (  81,   81)
          (  81,   81) (  81,   81) (  81,   81) (  81,   81) (  81,   81) (  81,   81) (  81,   81) (  81,   81) (  81,   81) (  81,   81)
          (  81,   81) (  81,   81) (  81,   81) (  81,   81) (  81,   81) (  81,   81) (  81,   81) (  81,   81) (  81,   81) (  81,   81)
          (  81,   81) (  81,   81) (  81,   81) (  81,   81) (  81,   81) (  81,   81) (  81,   81) (  81,   81) (  81,   81) (  81,   81)
          (  81,   81) (  81,   81) (  81,   81) (  81,   81) (  81,   81) (  81,   81) (  81,   81) (  81,   81) (  81,   81) (  81,   81)
          (  81,   81) (  81,   81) (  81,   81) (  81,   81) (  81,   81) (  81,   81) (  81,   81) (  81,   81) (  81,   81) (  81,   81)
          (  81,   81) (  81,   81) (  81,   81) (  81,   81) (  81,   81) (  81,   81) (  81,   81) (  81,   81) (  81,   81) (  81,   81)
          (  81,   81) (  81,   81) (  81,   81) (  81,   81) (  81,   81) (  81,   81) (  81,   81) (  81,   81) (  81,   81) (  81,   81)
          (  81,   81) (  81,   81) (  81,   81) (  81,   81) (  81,   81) (  81,   81) (  81,   81) (  81,   81) (  81,   81) (  81,   81)
          (  81,   81) (  81,   81) (  81,   81) (  81,   81) (  81,   81) (  81,   81) (  81,   81) (  81,   81) (  81,   81) (  81,   81)
          (  81,   81) (  81,   81) (  73,   72) (  73,   64) (  73,   64) (  73,   64) (  73,   64) (  72,   64) (  64,   64) (  64,   64)
          (  64,   64) (  64,   64) (  64,   64) (  64,   64) (  64,   64) (  64,   64) (  64,   64) (  64,   64) (  64,   64) (  64,   64)
          (  64,   64) (  64,   64) (  64,   64) (  64,   64) (  64,   64) (  64,   64) (  64,   64) (  64,   64) (  64,   64) (  64,   64)
          (  64,   64) (  64,   64) (  64,   64) (  64,   64) (  64,   64) (  64,   64) (  64,   64) (  64,   64) (  64,   64) (  64,   64)
          (  64,   64) (  64,   64) (  64,   64) (  64,   64) (  64,   64) (  64,   64) (  64,   64) (  64,   64) (  64,   64) (  64,   64)
          (  64,   64) (  64,   64) (  64,   64) (  64,   64) (  64,   64) (  64,   64) (  64,   64) (  64,   64) (  64,   64) (  64,   64)
          (  64,   64) (  64,   64) (  64,   64) (  64,   64) (  64,   64) (  64,   64) (  64,   64) (  64,   64) (  64,   64) (  64,   64)
          (  64,   64) (  64,   64) (  64,   64) (  64,   64) (  64,   64) (  64,   64) (  64,   64) (  64,   64) (  64,   64) (  64,   64)
          (  64,   64) (  64,   64) (  64,   64) (  64,   64) (  64,   64) (  64,   64) (  64,   64) (  64,   64) (  64,   64) (  64,   64)
          (  64,   64) (  64,   64) (  64,   64) (  64,   64) (  64,   64) (  64,   64) (  64,   64) (  64,   64) (  64,   64) (  64,   64)
          (  64,   64) (  64,   64) (  64,   64) (  64,   64) (  64,   64) (  64,   64) (  64,   64) (  64,   64) (  64,   64) (  64,   64)
          (  64,   64) (  64,   64) (  64,   64) (  64,   64) (  64,   64) (  64,   64) (  64,   64) (  64,   64) (  64,   64) (  64,   64)
          (  64,   64) (  64,   64) (  64,   64) (  64,   64) (  64,   64) (  64,   64) (  64,   64) (  64,   64) (  64,   64) (  64,   64)
          (  64,   64) (  64,   64) (  64,   64) (  64,   64) (  64,   64) (  64,   64) (  64,   64) (  64,   64) (  64,   64) (  64,   64)
          (  64,   64) (  64,   64) (  64,   64) (  64,   64) (  64,   64) (  64,   64) (  64,   64) (  64,   64) (  64,   64) (  64,   64)
          (  64,   64) (  64,   64) (  64,   64) (  64,   64) (  64,   64) (  64,   64) (  64,   64) (  64,   64) (  64,   64) (  64,   64)
          (  64,   64) (  64,   64) (  64,   64) (  64,   64) (  64,   64) (  64,   64) (  64,   64) (  64,   64) (  64,   64) (  64,   64)
          (  64,   64) (  64,   64) (  64,   64) (  64,   64) (  64,   64) (  64,   64) (  64,   64) (  64,   64) (  64,   64) (  64,   64)
          (  64,   64) (  64,   64) (  64,   64) (  64,   64) (  64,   64) (  64,   64) (  64,   64) (  64,   64) (  64,   64) (  64,   64)
          (  64,   64) (  64,   64) (  64,   64) (  64,   64) (  64,   64) (  64,   64) (  64,   64) (  64,   64) (  64,   64) (  64,   64)
          (  64,   64) (  64,   64) (  64,   64) (  64,   64) (  64,   64) (  64,   64) (  64,   64) (  64,   64) (  64,   64) (  64,   64)
          (  64,   64) (  64,   64) (  64,   64) (  64,   64) (  64,   64) (  64,   64) (  64,   64) (  64,   64) (  64,   64) (  64,   64)
          (  64,   64) (  64,   64) (  64,   64) (  64,   64) (  64,   64) (  64,   64) (  64,   64) (  64,   64) (  64,   64) (  64,   64)
          (  64,   64) (  64,   64) (  64,   64) (  64,   64) (  64,   64) (  64,   64) (  64,   64) (  64,   64) (  64,   64) (  64,   64)
          (  64,   64) (  64,   64) (  64,   64) (  64,   64) (  64,   64) (  64,   64) (  64,   64) (  64,   64) (  64,   64) (  64,   64)
          (  64,   64) (  64,   64) (  64,   64) (  64,   64) (  64,   64) (  64,   64) (  64,   64) (  64,   64) (  64,   64) (  64,   64)
          (  64,   64) (  64,   64) (  64,   64) (  64,   64) (  64,   64) (  64,   64) (  64,   64) (  64,   64) (  64,   64) (  64,   64)
          (  64,   64) (  64,   64) (  64,   64) (  64,   64) (  64,   64) (  64,   64) (  64,   64) (  64,   64) (  64,   64) (  64,   64)
          (  64,   64) (  64,   64) (  64,   64) (  64,   64) (  64,   64) (  64,   64) (  64,   64) (  64,   64) (  64,   64) (  64,   64)
          (  64,   64) (  64,   64) (  64,   64) (  64,   64) (  64,   64) (  64,   64) (  64,   64) (  64,   64) (  64,   64) (  64,   64)
          (  64,   64) (  64,   64) (  64,   64) (  64,   64) (  64,   64) (  64,   64) (  64,   64) (  64,   64) (  64,   64) (  64,   64)
          (  64,   64) (  64,   64) (  64,   64) (  64,   64) (  64,   64) (  64,   64) (  64,   64) (  64,   64) (  64,   64) (  64,   64)
          (  64,   64) (  64,   64) (  64,   64) (  64,   64) (  64,   64) (  64,   64) (  64,   64) (  64,   64) (  64,   64) (  64,   64)
          (  64,   64) (  64,   64) (  64,   64) (  64,   64) (  64,   64) (  64,   64) (  64,   64) (  64,   64) (  64,   64) (  64,   64)
          (  64,   64) (  64,   64) (  64,   64) (  64,   64) (  64,   64) (  64,   64) (  64,   64) (  64,   64) (  64,   64) (  64,   64)
          (  64,   64) (  64,   64) (  64,   64) (  64,   64) (  64,   64) (  64,   64) (  64,   64) (  64,   64) (  64,   64) (  64,   64)
          (  64,   64) (  64,   64) (  64,   64) (  64,   64) (  64,   64) (  64,   64) (  64,   64) (  64,   64) (  64,   64) (  64,   64)
          (  64,   64) (  64,   64) (  64,   64) (  64,   64) (  64,   64) (  64,   64) (  64,   64) (  64,   64) (  64,   64) (  64,   64)
          (  64,   64) (  64,   64) (  64,   64) (  64,   64) (  64,   64) (  64,   64) (  64,   64) (  64,   64) (  64,   64) (  64,   64)
          (  64,   64) (  64,   64) (  64,   64) (  64,   64) (  64,   64) (  64,   64) (  64,   64) (  64,   64) (  64,   64) (  64,   64)
          (  64,   64) (  64,   64) (  64,   64) (  64,   64) (  64,   64) (  64,   64) (  64,   64) (  64,   64) (  64,   64) (  64,   64)
          (  64,   64) (  64,   64) (  64,   64) (  64,   64) (  64,   64) (  64,   64) (  64,   64) (  64,   64) (  64,   64) (  64,   64)
          (  64,   64) (  64,   64) (  64,   64) (  64,   64) (  64,   64) (  64,   64) (  64,   64) (  64,   64) (  64,   64) (  64,   64)
          (  64,   64) (  64,   64) (  64,   64) (  64,   64) (  64,   64) (  64,   64) (  64,   64) (  64,   64) (  64,   64) (  64,   64)
          (  64,   64) (  64,   64) (  64,   64) (  64,   64) (  64,   64) (  64,   64) (  64,   64) (  64,   64) (  64,   64) (  64,   64)
          (  64,   64) (  64,   64) (  64,   64) (  64,   64) (  64,   64) (  64,   64) (  64,   64) (  64,   64) (  64,   64) (  64,   64)
          (  64,   64) (  64,   64) (  64,   64) (  64,   64) (  64,   64) (  64,   64) (  64,   64) (  64,   64) (  64,   64) (  64,   64)
          (  64,   64) (  64,   64) (  64,   64) (  64,   64) (  64,   64) (  64,   64) (  64,   64) (  64,   64) (  64,   64) (  64,   64)
          (  64,   64) (  64,   64) (  64,   64) (  64,   64) (  64,   64) (  64,   64) (  64,   64) (  64,   64) (  64,   64) (  64,   64)
          (  64,   64) (  64,   64) (  64,   64) (  64,   64) (  64,   64) (  64,   64) (  64,   64) (  64,   64) (  64,   64) (  64,   64)
          (  64,   64) (  64,   64) (  64,   64) (  64,   64) (  64,   64) (  64,   64) (  64,   64) (  64,   64) (  64,   64) (  64,   64)
          (  64,   64) (  64,   64) (  64,   64) (  64,   64) (  64,   64) (  64,   64) (  64,   64) (  64,   64) (  64,   64) (  64,   64)
          (  64,   64) (  64,   64) (  64,   64) (  64,   64) (  64,   64) (  64,   64) (  64,   64) (  64,   64) (  64,   64) (  64,   64)
          (  64,   64) (  64,   64) (  64,   64) (  64,   64) (  64,   64) (  64,   64) (  64,   64) (  64,   64) (  64,   64) (  64,   64)
          (  64,   64) (  64,   64) (  64,   64) (  64,   64) (  64,   64) (  64,   64) (  64,   64) (  64,   64) (  64,   64) (  64,   64)
          (  64,   64) (  64,   64) (  64,   64) (  64,   64) (  64,   64) (  64,   64) (  64,   64) (  64,   64) (  64,   64) (  64,   64)
          (  64,   64) (  64,   64) (  64,   64) (  64,   64) (  64,   64) (  64,   64) (  64,   64) (  64,   64) (  64,   64) (  64,   64)
          (  64,   64) (  64,   64) (  64,   64) (  64,   64) (  64,   64) (  64,   64) (  64,   64) (  64,   64) (  64,   64) (  64,   64)
          (  64,   64) (  64,   64) (  64,   64) (  64,   64) (  64,   64) (  64,   64) (  64,   64) (  64,   64) (  64,   64) (  64,   64)
          (  64,   64) (  64,   64) (  64,   64) (  64,   64) (  64,   64) (  64,   64) (  64,   64) (  64,   64) (  64,   64) (  64,   64)
         
node   6 sent_total  46259  recv_total  46144

node   7  (   0,    0) (   1,    0) (   0,    0) (   3,    3) (  79,   25) (  65,   60) (  97,   77) (  81,   91) (  81,   81) (  81,   81)
          (  81,   81) (  81,   81) (  81,   81) (  81,   81) (  81,   81) (  81,   81) (  81,   81) (  81,   81) (  81,   81) (  81,   81)
          (  81,   81) (  81,   81) (  81,   81) (  81,   81) (  81,   81) (  81,   81) (  81,   81) (  81,   81) (  81,   81) (  81,   81)
          (  81,   81) (  81,   81) (  81,   81) (  81,   81) (  81,   81) (  81,   81) (  81,   81) (  81,   81) (  81,   81) (  81,   81)
          (  81,   81) (  81,   81) (  81,   81) (  81,   81) (  81,   81) (  81,   81) (  81,   81) (  81,   81) (  81,   81) (  81,   81)
          (  81,   81) (  81,   81) (  81,   81) (  81,   81) (  81,   81) (  81,   81) (  81,   81) (  81,   81) (  81,   81) (  81,   81)
          (  81,   81) (  81,   81) (  81,   81) (  81,   81) (  81,   81) (  81,   81) (  81,   81) (  81,   81) (  81,   81) (  81,   81)
          (  81,   81) (  81,   81) (  81,   81) (  81,   81) (  81,   81) (  81,   81) (  81,   81) (  81,   81) (  81,   81) (  81,   81)
          (  81,   81) (  81,   81) (  81,   81) (  81,   81) (  81,   81) (  81,   81) (  81,   81) (  81,   81) (  81,   81) (  81,   81)
          (  81,   81) (  81,   81) (  81,   81) (  81,   81) (  81,   81) (  81,   81) (  81,   81) (  81,   81) (  81,   81) (  81,   81)
          (  81,   81) (  81,   81) (  73,   72) (  73,   64) (  73,   64) (  73,   64) (  73,   64) (  72,   64) (  64,   64) (  64,   64)
          (  64,   64) (  64,   64) (  64,   64) (  64,   64) (  64,   64) (  64,   64) (  64,   64) (  64,   64) (  64,   64) (  64,   64)
          (  64,   64) (  64,   64) (  64,   64) (  64,   64) (  64,   64) (  64,   64) (  64,   64) (  64,   64) (  64,   64) (  64,   64)
          (  64,   64) (  64,   64) (  64,   64) (  64,   64) (  64,   64) (  64,   64) (  64,   64) (  64,   64) (  64,   64) (  64,   64)
          (  64,   64) (  64,   64) (  64,   64) (  64,   64) (  64,   64) (  64,   64) (  64,   64) (  64,   64) (  64,   64) (  64,   64)
          (  64,   64) (  64,   64) (  64,   64) (  64,   64) (  64,   64) (  64,   64) (  64,   64) (  64,   64) (  64,   64) (  64,   64)
          (  64,   64) (  64,   64) (  64,   64) (  64,   64) (  64,   64) (  64,   64) (  64,   64) (  64,   64) (  64,   64) (  64,   64)
          (  64,   64) (  64,   64) (  64,   64) (  64,   64) (  64,   64) (  64,   64) (  64,   64) (  64,   64) (  64,   64) (  64,   64)
          (  64,   64) (  64,   64) (  64,   64) (  64,   64) (  64,   64) (  64,   64) (  64,   64) (  64,   64) (  64,   64) (  64,   64)
          (  64,   64) (  64,   64) (  64,   64) (  64,   64) (  64,   64) (  64,   64) (  64,   64) (  64,   64) (  64,   64) (  64,   64)
          (  64,   64) (  64,   64) (  64,   64) (  64,   64) (  64,   64) (  64,   64) (  64,   64) (  64,   64) (  64,   64) (  64,   64)
          (  64,   64) (  64,   64) (  64,   64) (  64,   64) (  64,   64) (  64,   64) (  64,   64) (  64,   64) (  64,   64) (  64,   64)
          (  64,   64) (  64,   64) (  64,   64) (  64,   64) (  64,   64) (  64,   64) (  64,   64) (  64,   64) (  64,   64) (  64,   64)
          (  64,   64) (  64,   64) (  64,   64) (  64,   64) (  64,   64) (  64,   64) (  64,   64) (  64,   64) (  64,   64) (  64,   64)
          (  64,   64) (  64,   64) (  64,   64) (  64,   64) (  64,   64) (  64,   64) (  64,   64) (  64,   64) (  64,   64) (  64,   64)
          (  64,   64) (  64,   64) (  64,   64) (  64,   64) (  64,   64) (  64,   64) (  64,   64) (  64,   64) (  64,   64) (  64,   64)
          (  64,   64) (  64,   64) (  64,   64) (  64,   64) (  64,   64) (  64,   64) (  64,   64) (  64,   64) (  64,   64) (  64,   64)
          (  64,   64) (  64,   64) (  64,   64) (  64,   64) (  64,   64) (  64,   64) (  64,   64) (  64,   64) (  64,   64) (  64,   64)
          (  64,   64) (  64,   64) (  64,   64) (  64,   64) (  64,   64) (  64,   64) (  64,   64) (  64,   64) (  64,   64) (  64,   64)
          (  64,   64) (  64,   64) (  64,   64) (  64,   64) (  64,   64) (  64,   64) (  64,   64) (  64,   64) (  64,   64) (  64,   64)
          (  64,   64) (  64,   64) (  64,   64) (  64,   64) (  64,   64) (  64,   64) (  64,   64) (  64,   64) (  64,   64) (  64,   64)
          (  64,   64) (  64,   64) (  64,   64) (  64,   64) (  64,   64) (  64,   64) (  64,   64) (  64,   64) (  64,   64) (  64,   64)
          (  64,   64) (  64,   64) (  64,   64) (  64,   64) (  64,   64) (  64,   64) (  64,   64) (  64,   64) (  64,   64) (  64,   64)
          (  64,   64) (  64,   64) (  64,   64) (  64,   64) (  64,   64) (  64,   64) (  64,   64) (  64,   64) (  64,   64) (  64,   64)
          (  64,   64) (  64,   64) (  64,   64) (  64,   64) (  64,   64) (  64,   64) (  64,   64) (  64,   64) (  64,   64) (  64,   64)
          (  64,   64) (  64,   64) (  64,   64) (  64,   64) (  64,   64) (  64,   64) (  64,   64) (  64,   64) (  64,   64) (  64,   64)
          (  64,   64) (  64,   64) (  64,   64) (  64,   64) (  64,   64) (  64,   64) (  64,   64) (  64,   64) (  64,   64) (  64,   64)
          (  64,   64) (  64,   64) (  64,   64) (  64,   64) (  64,   64) (  64,   64) (  64,   64) (  64,   64) (  64,   64) (  64,   64)
          (  64,   64) (  64,   64) (  64,   64) (  64,   64) (  64,   64) (  64,   64) (  64,   64) (  64,   64) (  64,   64) (  64,   64)
          (  64,   64) (  64,   64) (  64,   64) (  64,   64) (  64,   64) (  64,   64) (  64,   64) (  64,   64) (  64,   64) (  64,   64)
          (  64,   64) (  64,   64) (  64,   64) (  64,   64) (  64,   64) (  64,   64) (  64,   64) (  64,   64) (  64,   64) (  64,   64)
          (  64,   64) (  64,   64) (  64,   64) (  64,   64) (  64,   64) (  64,   64) (  64,   64) (  64,   64) (  64,   64) (  64,   64)
          (  64,   64) (  64,   64) (  64,   64) (  64,   64) (  64,   64) (  64,   64) (  64,   64) (  64,   64) (  64,   64) (  64,   64)
          (  64,   64) (  64,   64) (  64,   64) (  64,   64) (  64,   64) (  64,   64) (  64,   64) (  64,   64) (  64,   64) (  64,   64)
          (  64,   64) (  64,   64) (  64,   64) (  64,   64) (  64,   64) (  64,   64) (  64,   64) (  64,   64) (  64,   64) (  64,   64)
          (  64,   64) (  64,   64) (  64,   64) (  64,   64) (  64,   64) (  64,   64) (  64,   64) (  64,   64) (  64,   64) (  64,   64)
          (  64,   64) (  64,   64) (  64,   64) (  64,   64) (  64,   64) (  64,   64) (  64,   64) (  64,   64) (  64,   64) (  64,   64)
          (  64,   64) (  64,   64) (  64,   64) (  64,   64) (  64,   64) (  64,   64) (  64,   64) (  64,   64) (  64,   64) (  64,   64)
          (  64,   64) (  64,   64) (  64,   64) (  64,   64) (  64,   64) (  64,   64) (  64,   64) (  64,   64) (  64,   64) (  64,   64)
          (  64,   64) (  64,   64) (  64,   64) (  64,   64) (  64,   64) (  64,   64) (  64,   64) (  64,   64) (  64,   64) (  64,   64)
          (  64,   64) (  64,   64) (  64,   64) (  64,   64) (  64,   64) (  64,   64) (  64,   64) (  64,   64) (  64,   64) (  64,   64)
          (  64,   64) (  64,   64) (  64,   64) (  64,   64) (  64,   64) (  64,   64) (  64,   64) (  64,   64) (  64,   64) (  64,   64)
          (  64,   64) (  64,   64) (  64,   64) (  64,   64) (  64,   64) (  64,   64) (  64,   64) (  64,   64) (  64,   64) (  64,   64)
          (  64,   64) (  64,   64) (  64,   64) (  64,   64) (  64,   64) (  64,   64) (  64,   64) (  64,   64) (  64,   64) (  64,   64)
          (  64,   64) (  64,   64) (  64,   64) (  64,   64) (  64,   64) (  64,   64) (  64,   64) (  64,   64) (  64,   64) (  64,   64)
          (  64,   64) (  64,   64) (  64,   64) (  64,   64) (  64,   64) (  64,   64) (  64,   64) (  64,   64) (  64,   64) (  64,   64)
          (  64,   64) (  64,   64) (  64,   64) (  64,   64) (  64,   64) (  64,   64) (  64,   64) (  64,   64) (  64,   64) (  64,   64)
          (  64,   64) (  64,   64) (  64,   64) (  64,   64) (  64,   64) (  64,   64) (  64,   64) (  64,   64) (  64,   64) (  64,   64)
          (  64,   64) (  64,   64) (  64,   64) (  64,   64) (  64,   64) (  64,   64) (  64,   64) (  64,   64) (  64,   64) (  64,   64)
          (  64,   64) (  64,   64) (  64,   64) (  64,   64) (  64,   64) (  64,   64) (  64,   64) (  64,   64) (  64,   64) (  64,   64)
          (  64,   64) (  64,   64) (  64,   64) (  64,   64) (  64,   64) (  64,   64) (  64,   64) (  64,   64) (  64,   64) (  64,   64)
          (  64,   64) (  64,   64) (  64,   64) (  64,   64) (  64,   64) (  64,   64) (  64,   64) (  64,   64) (  64,   64) (  64,   64)
          (  64,   64) (  64,   64) (  64,   64) (  64,   64) (  64,   64) (  64,   64) (  64,   64) (  64,   64) (  64,   64) (  64,   64)
          (  64,   64) (  64,   64) (  64,   64) (  64,   64) (  64,   64) (  64,   64) (  64,   64) (  64,   64) (  64,   64) (  64,   64)
          (  64,   64) (  64,   64) (  64,   64) (  64,   64) (  64,   64) (  64,   64) (  64,   64) (  64,   64) (  64,   64) (  64,   64)
          (  64,   64) (  64,   64) (  64,   64) (  64,   64) (  64,   64) (  64,   64) (  64,   64) (  64,   64) (  64,   64) (  64,   64)
          (  64,   64) (  64,   64) (  64,   64) (  64,   64) (  64,   64) (  64,   64) (  64,   64) (  64,   64) (  64,   64) (  64,   64)
          (  64,   64) (  64,   64) (  64,   64) (  64,   64) (  64,   64) (  64,   64) (  64,   64) (  64,   64) (  64,   64) (  64,   64)
          (  64,   64) (  64,   64) (  64,   64) (  64,   64) (  64,   64) (  64,   64) (  64,   64) (  64,   64) (  64,   64) (  64,   64)
          (  64,   64) (  64,   64) (  64,   64) (  64,   64) (  64,   64) (  64,   64) (  64,   64) (  64,   64) (  64,   64) (  64,   64)
         
node   7 sent_total  46265  recv_total  46150

node   8  (   0,    0) (   1,    0) (   0,    0) (   1,    2) (  96,   27) (  65,   59) (  81,   73) (  81,   93) (  81,   81) (  81,   81)
          (  81,   81) (  81,   81) (  81,   81) (  81,   81) (  81,   81) (  81,   81) (  81,   81) (  81,   81) (  81,   81) (  81,   81)
          (  81,   81) (  81,   81) (  81,   81) (  81,   81) (  81,   81) (  81,   81) (  81,   81) (  81,   81) (  81,   81) (  81,   81)
          (  81,   81) (  81,   81) (  81,   81) (  81,   81) (  81,   81) (  81,   81) (  81,   81) (  81,   81) (  81,   81) (  81,   81)
          (  81,   81) (  81,   81) (  81,   81) (  81,   81) (  81,   81) (  81,   81) (  81,   81) (  81,   81) (  81,   81) (  81,   81)
          (  81,   81) (  81,   81) (  81,   81) (  81,   81) (  81,   81) (  81,   81) (  81,   81) (  81,   81) (  81,   81) (  81,   81)
          (  81,   81) (  81,   81) (  81,   81) (  81,   81) (  81,   81) (  81,   81) (  81,   81) (  81,   81) (  81,   81) (  81,   81)
          (  81,   81) (  81,   81) (  81,   81) (  81,   81) (  81,   81) (  81,   81) (  81,   81) (  81,   81) (  81,   81) (  81,   81)
          (  81,   81) (  81,   81) (  81,   81) (  81,   81) (  81,   81) (  81,   81) (  81,   81) (  81,   81) (  81,   81) (  81,   81)
          (  81,   81) (  81,   81) (  81,   81) (  81,   81) (  81,   81) (  81,   81) (  81,   81) (  81,   81) (  81,   81) (  81,   81)
          (  81,   81) (  81,   81) (  73,   72) (  73,   64) (  73,   64) (  73,   64) (  73,   64) (  72,   64) (  64,   64) (  64,   64)
          (  64,   64) (  64,   64) (  64,   64) (  64,   64) (  64,   64) (  64,   64) (  64,   64) (  64,   64) (  64,   64) (  64,   64)
          (  64,   64) (  64,   64) (  64,   64) (  64,   64) (  64,   64) (  64,   64) (  64,   64) (  64,   64) (  64,   64) (  64,   64)
          (  64,   64) (  64,   64) (  64,   64) (  64,   64) (  64,   64) (  64,   64) (  64,   64) (  64,   64) (  64,   64) (  64,   64)
          (  64,   64) (  64,   64) (  64,   64) (  64,   64) (  64,   64) (  64,   64) (  64,   64) (  64,   64) (  64,   64) (  64,   64)
          (  64,   64) (  64,   64) (  64,   64) (  64,   64) (  64,   64) (  64,   64) (  64,   64) (  64,   64) (  64,   64) (  64,   64)
          (  64,   64) (  64,   64) (  64,   64) (  64,   64) (  64,   64) (  64,   64) (  64,   64) (  64,   64) (  64,   64) (  64,   64)
          (  64,   64) (  64,   64) (  64,   64) (  64,   64) (  64,   64) (  64,   64) (  64,   64) (  64,   64) (  64,   64) (  64,   64)
          (  64,   64) (  64,   64) (  64,   64) (  64,   64) (  64,   64) (  64,   64) (  64,   64) (  64,   64) (  64,   64) (  64,   64)
          (  64,   64) (  64,   64) (  64,   64) (  64,   64) (  64,   64) (  64,   64) (  64,   64) (  64,   64) (  64,   64) (  64,   64)
          (  64,   64) (  64,   64) (  64,   64) (  64,   64) (  64,   64) (  64,   64) (  64,   64) (  64,   64) (  64,   64) (  64,   64)
          (  64,   64) (  64,   64) (  64,   64) (  64,   64) (  64,   64) (  64,   64) (  64,   64) (  64,   64) (  64,   64) (  64,   64)
          (  64,   64) (  64,   64) (  64,   64) (  64,   64) (  64,   64) (  64,   64) (  64,   64) (  64,   64) (  64,   64) (  64,   64)
          (  64,   64) (  64,   64) (  64,   64) (  64,   64) (  64,   64) (  64,   64) (  64,   64) (  64,   64) (  64,   64) (  64,   64)
          (  64,   64) (  64,   64) (  64,   64) (  64,   64) (  64,   64) (  64,   64) (  64,   64) (  64,   64) (  64,   64) (  64,   64)
          (  64,   64) (  64,   64) (  64,   64) (  64,   64) (  64,   64) (  64,   64) (  64,   64) (  64,   64) (  64,   64) (  64,   64)
          (  64,   64) (  64,   64) (  64,   64) (  64,   64) (  64,   64) (  64,   64) (  64,   64) (  64,   64) (  64,   64) (  64,   64)
          (  64,   64) (  64,   64) (  64,   64) (  64,   64) (  64,   64) (  64,   64) (  64,   64) (  64,   64) (  64,   64) (  64,   64)
          (  64,   64) (  64,   64) (  64,   64) (  64,   64) (  64,   64) (  64,   64) (  64,   64) (  64,   64) (  64,   64) (  64,   64)
          (  64,   64) (  64,   64) (  64,   64) (  64,   64) (  64,   64) (  64,   64) (  64,   64) (  64,   64) (  64,   64) (  64,   64)
          (  64,   64) (  64,   64) (  64,   64) (  64,   64) (  64,   64) (  64,   64) (  64,   64) (  64,   64) (  64,   64) (  64,   64)
          (  64,   64) (  64,   64) (  64,   64) (  64,   64) (  64,   64) (  64,   64) (  64,   64) (  64,   64) (  64,   64) (  64,   64)
          (  64,   64) (  64,   64) (  64,   64) (  64,   64) (  64,   64) (  64,   64) (  64,   64) (  64,   64) (  64,   64) (  64,   64)
          (  64,   64) (  64,   64) (  64,   64) (  64,   64) (  64,   64) (  64,   64) (  64,   64) (  64,   64) (  64,   64) (  64,   64)
          (  64,   64) (  64,   64) (  64,   64) (  64,   64) (  64,   64) (  64,   64) (  64,   64) (  64,   64) (  64,   64) (  64,   64)
          (  64,   64) (  64,   64) (  64,   64) (  64,   64) (  64,   64) (  64,   64) (  64,   64) (  64,   64) (  64,   64) (  64,   64)
          (  64,   64) (  64,   64) (  64,   64) (  64,   64) (  64,   64) (  64,   64) (  64,   64) (  64,   64) (  64,   64) (  64,   64)
          (  64,   64) (  64,   64) (  64,   64) (  64,   64) (  64,   64) (  64,   64) (  64,   64) (  64,   64) (  64,   64) (  64,   64)
          (  64,   64) (  64,   64) (  64,   64) (  64,   64) (  64,   64) (  64,   64) (  64,   64) (  64,   64) (  64,   64) (  64,   64)
          (  64,   64) (  64,   64) (  64,   64) (  64,   64) (  64,   64) (  64,   64) (  64,   64) (  64,   64) (  64,   64) (  64,   64)
          (  64,   64) (  64,   64) (  64,   64) (  64,   64) (  64,   64) (  64,   64) (  64,   64) (  64,   64) (  64,   64) (  64,   64)
          (  64,   64) (  64,   64) (  64,   64) (  64,   64) (  64,   64) (  64,   64) (  64,   64) (  64,   64) (  64,   64) (  64,   64)
          (  64,   64) (  64,   64) (  64,   64) (  64,   64) (  64,   64) (  64,   64) (  64,   64) (  64,   64) (  64,   64) (  64,   64)
          (  64,   64) (  64,   64) (  64,   64) (  64,   64) (  64,   64) (  64,   64) (  64,   64) (  64,   64) (  64,   64) (  64,   64)
          (  64,   64) (  64,   64) (  64,   64) (  64,   64) (  64,   64) (  64,   64) (  64,   64) (  64,   64) (  64,   64) (  64,   64)
          (  64,   64) (  64,   64) (  64,   64) (  64,   64) (  64,   64) (  64,   64) (  64,   64) (  64,   64) (  64,   64) (  64,   64)
          (  64,   64) (  64,   64) (  64,   64) (  64,   64) (  64,   64) (  64,   64) (  64,   64) (  64,   64) (  64,   64) (  64,   64)
          (  64,   64) (  64,   64) (  64,   64) (  64,   64) (  64,   64) (  64,   64) (  64,   64) (  64,   64) (  64,   64) (  64,   64)
          (  64,   64) (  64,   64) (  64,   64) (  64,   64) (  64,   64) (  64,   64) (  64,   64) (  64,   64) (  64,   64) (  64,   64)
          (  64,   64) (  64,   64) (  64,   64) (  64,   64) (  64,   64) (  64,   64) (  64,   64) (  64,   64) (  64,   64) (  64,   64)
          (  64,   64) (  64,   64) (  64,   64) (  64,   64) (  64,   64) (  64,   64) (  64,   64) (  64,   64) (  64,   64) (  64,   64)
          (  64,   64) (  64,   64) (  64,   64) (  64,   64) (  64,   64) (  64,   64) (  64,   64) (  64,   64) (  64,   64) (  64,   64)
          (  64,   64) (  64,   64) (  64,   64) (  64,   64) (  64,   64) (  64,   64) (  64,   64) (  64,   64) (  64,   64) (  64,   64)
          (  64,   64) (  64,   64) (  64,   64) (  64,   64) (  64,   64) (  64,   64) (  64,   64) (  64,   64) (  64,   64) (  64,   64)
          (  64,   64) (  64,   64) (  64,   64) (  64,   64) (  64,   64) (  64,   64) (  64,   64) (  64,   64) (  64,   64) (  64,   64)
          (  64,   64) (  64,   64) (  64,   64) (  64,   64) (  64,   64) (  64,   64) (  64,   64) (  64,   64) (  64,   64) (  64,   64)
          (  64,   64) (  64,   64) (  64,   64) (  64,   64) (  64,   64) (  64,   64) (  64,   64) (  64,   64) (  64,   64) (  64,   64)
          (  64,   64) (  64,   64) (  64,   64) (  64,   64) (  64,   64) (  64,   64) (  64,   64) (  64,   64) (  64,   64) (  64,   64)
          (  64,   64) (  64,   64) (  64,   64) (  64,   64) (  64,   64) (  64,   64) (  64,   64) (  64,   64) (  64,   64) (  64,   64)
          (  64,   64) (  64,   64) (  64,   64) (  64,   64) (  64,   64) (  64,   64) (  64,   64) (  64,   64) (  64,   64) (  64,   64)
          (  64,   64) (  64,   64) (  64,   64) (  64,   64) (  64,   64) (  64,   64) (  64,   64) (  64,   64) (  64,   64) (  64,   64)
          (  64,   64) (  64,   64) (  64,   64) (  64,   64) (  64,   64) (  64,   64) (  64,   64) (  64,   64) (  64,   64) (  64,   64)
          (  64,   64) (  64,   64) (  64,   64) (  64,   64) (  64,   64) (  64,   64) (  64,   64) (  64,   64) (  64,   64) (  64,   64)
          (  64,   64) (  64,   64) (  64,   64) (  64,   64) (  64,   64) (  64,   64) (  64,   64) (  64,   64) (  64,   64) (  64,   64)
          (  64,   64) (  64,   64) (  64,   64) (  64,   64) (  64,   64) (  64,   64) (  64,   64) (  64,   64) (  64,   64) (  64,   64)
          (  64,   64) (  64,   64) (  64,   64) (  64,   64) (  64,   64) (  64,   64) (  64,   64) (  64,   64) (  64,   64) (  64,   64)
          (  64,   64) (  64,   64) (  64,   64) (  64,   64) (  64,   64) (  64,   64) (  64,   64) (  64,   64) (  64,   64) (  64,   64)
          (  64,   64) (  64,   64) (  64,   64) (  64,   64) (  64,   64) (  64,   64) (  64,   64) (  64,   64) (  64,   64) (  64,   64)
          (  64,   64) (  64,   64) (  64,   64) (  64,   64) (  64,   64) (  64,   64) (  64,   64) (  64,   64) (  64,   64) (  64,   64)
          (  64,   64) (  64,   64) (  64,   64) (  64,   64) (  64,   64) (  64,   64) (  64,   64) (  64,   64) (  64,   64) (  64,   64)
         
node   8 sent_total  46264  recv_total  46148

node   9  (   0,    0) (   0,    0) (   1,    0) (   0,    0) (   4,    3) (  82,   28) (  81,   85) (  81,   87) (  81,   81) (  81,   81)
          (  81,   81) (  81,   81) (  81,   81) (  81,   81) (  81,   81) (  81,   81) (  81,   81) (  81,   81) (  81,   81) (  81,   81)
          (  81,   81) (  81,   81) (  81,   81) (  81,   81) (  81,   81) (  81,   81) (  81,   81) (  81,   81) (  81,   81) (  81,   81)
          (  81,   81) (  81,   81) (  81,   81) (  81,   81) (  81,   81) (  81,   81) (  81,   81) (  81,   81) (  81,   81) (  81,   81)
          (  81,   81) (  81,   81) (  81,   81) (  81,   81) (  81,   81) (  81,   81) (  81,   81) (  81,   81) (  81,   81) (  81,   81)
          (  81,   81) (  81,   81) (  81,   81) (  81,   81) (  81,   81) (  81,   81) (  81,   81) (  81,   81) (  81,   81) (  81,   81)
          (  81,   81) (  81,   81) (  81,   81) (  81,   81) (  81,   81) (  81,   81) (  81,   81) (  81,   81) (  81,   81) (  81,   81)
          (  81,   81) (  81,   81) (  81,   81) (  81,   81) (  81,   81) (  81,   81) (  81,   81) (  81,   81) (  81,   81) (  81,   81)
          (  81,   81) (  81,   81) (  81,   81) (  81,   81) (  81,   81) (  81,   81) (  81,   81) (  81,   81) (  81,   81) (  81,   81)
          (  81,   81) (  81,   81) (  81,   81) (  81,   81) (  81,   81) (  81,   81) (  81,   81) (  81,   81) (  81,   81) (  81,   81)
          (  81,   81) (  81,   81) (  73,   72) (  73,   64) (  73,   64) (  73,   64) (  73,   64) (  72,   64) (  64,   64) (  64,   64)
          (  64,   64) (  64,   64) (  64,   64) (  64,   64) (  64,   64) (  64,   64) (  64,   64) (  64,   64) (  64,   64) (  64,   64)
          (  64,   64) (  64,   64) (  64,   64) (  64,   64) (  64,   64) (  64,   64) (  64,   64) (  64,   64) (  64,   64) (  64,   64)
          (  64,   64) (  64,   64) (  64,   64) (  64,   64) (  64,   64) (  64,   64) (  64,   64) (  64,   64) (  64,   64) (  64,   64)
          (  64,   64) (  64,   64) (  64,   64) (  64,   64) (  64,   64) (  64,   64) (  64,   64) (  64,   64) (  64,   64) (  64,   64)
          (  64,   64) (  64,   64) (  64,   64) (  64,   64) (  64,   64) (  64,   64) (  64,   64) (  64,   64) (  64,   64) (  64,   64)
          (  64,   64) (  64,   64) (  64,   64) (  64,   64) (  64,   64) (  64,   64) (  64,   64) (  64,   64) (  64,   64) (  64,   64)
          (  64,   64) (  64,   64) (  64,   64) (  64,   64) (  64,   64) (  64,   64) (  64,   64) (  64,   64) (  64,   64) (  64,   64)
          (  64,   64) (  64,   64) (  64,   64) (  64,   64) (  64,   64) (  64,   64) (  64,   64) (  64,   64) (  64,   64) (  64,   64)
          (  64,   64) (  64,   64) (  64,   64) (  64,   64) (  64,   64) (  64,   64) (  64,   64) (  64,   64) (  64,   64) (  64,   64)
          (  64,   64) (  64,   64) (  64,   64) (  64,   64) (  64,   64) (  64,   64) (  64,   64) (  64,   64) (  64,   64) (  64,   64)
          (  64,   64) (  64,   64) (  64,   64) (  64,   64) (  64,   64) (  64,   64) (  64,   64) (  64,   64) (  64,   64) (  64,   64)
          (  64,   64) (  64,   64) (  64,   64) (  64,   64) (  64,   64) (  64,   64) (  64,   64) (  64,   64) (  64,   64) (  64,   64)
          (  64,   64) (  64,   64) (  64,   64) (  64,   64) (  64,   64) (  64,   64) (  64,   64) (  64,   64) (  64,   64) (  64,   64)
          (  64,   64) (  64,   64) (  64,   64) (  64,   64) (  64,   64) (  64,   64) (  64,   64) (  64,   64) (  64,   64) (  64,   64)
          (  64,   64) (  64,   64) (  64,   64) (  64,   64) (  64,   64) (  64,   64) (  64,   64) (  64,   64) (  64,   64) (  64,   64)
          (  64,   64) (  64,   64) (  64,   64) (  64,   64) (  64,   64) (  64,   64) (  64,   64) (  64,   64) (  64,   64) (  64,   64)
          (  64,   64) (  64,   64) (  64,   64) (  64,   64) (  64,   64) (  64,   64) (  64,   64) (  64,   64) (  64,   64) (  64,   64)
          (  64,   64) (  64,   64) (  64,   64) (  64,   64) (  64,   64) (  64,   64) (  64,   64) (  64,   64) (  64,   64) (  64,   64)
          (  64,   64) (  64,   64) (  64,   64) (  64,   64) (  64,   64) (  64,   64) (  64,   64) (  64,   64) (  64,   64) (  64,   64)
          (  64,   64) (  64,   64) (  64,   64) (  64,   64) (  64,   64) (  64,   64) (  64,   64) (  64,   64) (  64,   64) (  64,   64)
          (  64,   64) (  64,   64) (  64,   64) (  64,   64) (  64,   64) (  64,   64) (  64,   64) (  64,   64) (  64,   64) (  64,   64)
          (  64,   64) (  64,   64) (  64,   64) (  64,   64) (  64,   64) (  64,   64) (  64,   64) (  64,   64) (  64,   64) (  64,   64)
          (  64,   64) (  64,   64) (  64,   64) (  64,   64) (  64,   64) (  64,   64) (  64,   64) (  64,   64) (  64,   64) (  64,   64)
          (  64,   64) (  64,   64) (  64,   64) (  64,   64) (  64,   64) (  64,   64) (  64,   64) (  64,   64) (  64,   64) (  64,   64)
          (  64,   64) (  64,   64) (  64,   64) (  64,   64) (  64,   64) (  64,   64) (  64,   64) (  64,   64) (  64,   64) (  64,   64)
          (  64,   64) (  64,   64) (  64,   64) (  64,   64) (  64,   64) (  64,   64) (  64,   64) (  64,   64) (  64,   64) (  64,   64)
          (  64,   64) (  64,   64) (  64,   64) (  64,   64) (  64,   64) (  64,   64) (  64,   64) (  64,   64) (  64,   64) (  64,   64)
          (  64,   64) (  64,   64) (  64,   64) (  64,   64) (  64,   64) (  64,   64) (  64,   64) (  64,   64) (  64,   64) (  64,   64)
          (  64,   64) (  64,   64) (  64,   64) (  64,   64) (  64,   64) (  64,   64) (  64,   64) (  64,   64) (  64,   64) (  64,   64)
          (  64,   64) (  64,   64) (  64,   64) (  64,   64) (  64,   64) (  64,   64) (  64,   64) (  64,   64) (  64,   64) (  64,   64)
          (  64,   64) (  64,   64) (  64,   64) (  64,   64) (  64,   64) (  64,   64) (  64,   64) (  64,   64) (  64,   64) (  64,   64)
          (  64,   64) (  64,   64) (  64,   64) (  64,   64) (  64,   64) (  64,   64) (  64,   64) (  64,   64) (  64,   64) (  64,   64)
          (  64,   64) (  64,   64) (  64,   64) (  64,   64) (  64,   64) (  64,   64) (  64,   64) (  64,   64) (  64,   64) (  64,   64)
          (  64,   64) (  64,   64) (  64,   64) (  64,   64) (  64,   64) (  64,   64) (  64,   64) (  64,   64) (  64,   64) (  64,   64)
          (  64,   64) (  64,   64) (  64,   64) (  64,   64) (  64,   64) (  64,   64) (  64,   64) (  64,   64) (  64,   64) (  64,   64)
          (  64,   64) (  64,   64) (  64,   64) (  64,   64) (  64,   64) (  64,   64) (  64,   64) (  64,   64) (  64,   64) (  64,   64)
          (  64,   64) (  64,   64) (  64,   64) (  64,   64) (  64,   64) (  64,   64) (  64,   64) (  64,   64) (  64,   64) (  64,   64)
          (  64,   64) (  64,   64) (  64,   64) (  64,   64) (  64,   64) (  64,   64) (  64,   64) (  64,   64) (  64,   64) (  64,   64)
          (  64,   64) (  64,   64) (  64,   64) (  64,   64) (  64,   64) (  64,   64) (  64,   64) (  64,   64) (  64,   64) (  64,   64)
          (  64,   64) (  64,   64) (  64,   64) (  64,   64) (  64,   64) (  64,   64) (  64,   64) (  64,   64) (  64,   64) (  64,   64)
          (  64,   64) (  64,   64) (  64,   64) (  64,   64) (  64,   64) (  64,   64) (  64,   64) (  64,   64) (  64,   64) (  64,   64)
          (  64,   64) (  64,   64) (  64,   64) (  64,   64) (  64,   64) (  64,   64) (  64,   64) (  64,   64) (  64,   64) (  64,   64)
          (  64,   64) (  64,   64) (  64,   64) (  64,   64) (  64,   64) (  64,   64) (  64,   64) (  64,   64) (  64,   64) (  64,   64)
          (  64,   64) (  64,   64) (  64,   64) (  64,   64) (  64,   64) (  64,   64) (  64,   64) (  64,   64) (  64,   64) (  64,   64)
          (  64,   64) (  64,   64) (  64,   64) (  64,   64) (  64,   64) (  64,   64) (  64,   64) (  64,   64) (  64,   64) (  64,   64)
          (  64,   64) (  64,   64) (  64,   64) (  64,   64) (  64,   64) (  64,   64) (  64,   64) (  64,   64) (  64,   64) (  64,   64)
          (  64,   64) (  64,   64) (  64,   64) (  64,   64) (  64,   64) (  64,   64) (  64,   64) (  64,   64) (  64,   64) (  64,   64)
          (  64,   64) (  64,   64) (  64,   64) (  64,   64) (  64,   64) (  64,   64) (  64,   64) (  64,   64) (  64,   64) (  64,   64)
          (  64,   64) (  64,   64) (  64,   64) (  64,   64) (  64,   64) (  64,   64) (  64,   64) (  64,   64) (  64,   64) (  64,   64)
          (  64,   64) (  64,   64) (  64,   64) (  64,   64) (  64,   64) (  64,   64) (  64,   64) (  64,   64) (  64,   64) (  64,   64)
          (  64,   64) (  64,   64) (  64,   64) (  64,   64) (  64,   64) (  64,   64) (  64,   64) (  64,   64) (  64,   64) (  64,   64)
          (  64,   64) (  64,   64) (  64,   64) (  64,   64) (  64,   64) (  64,   64) (  64,   64) (  64,   64) (  64,   64) (  64,   64)
          (  64,   64) (  64,   64) (  64,   64) (  64,   64) (  64,   64) (  64,   64) (  64,   64) (  64,   64) (  64,   64) (  64,   64)
          (  64,   64) (  64,   64) (  64,   64) (  64,   64) (  64,   64) (  64,   64) (  64,   64) (  64,   64) (  64,   64) (  64,   64)
          (  64,   64) (  64,   64) (  64,   64) (  64,   64) (  64,   64) (  64,   64) (  64,   64) (  64,   64) (  64,   64) (  64,   64)
          (  64,   64) (  64,   64) (  64,   64) (  64,   64) (  64,   64) (  64,   64) (  64,   64) (  64,   64) (  64,   64) (  64,   64)
          (  64,   64) (  64,   64) (  64,   64) (  64,   64) (  64,   64) (  64,   64) (  64,   64) (  64,   64) (  64,   64) (  64,   64)
          (  64,   64) (  64,   64) (  64,   64) (  64,   64) (  64,   64) (  64,   64) (  64,   64) (  64,   64) (  64,   64) (  64,   64)
          (  64,   64) (  64,   64) (  64,   64) (  64,   64) (  64,   64) (  64,   64) (  64,   64) (  64,   64) (  64,   64) (  64,   64)
         
node   9 sent_total  46188  recv_total  46097

node  10  (   0,    0) (   0,    0) (   1,    0) (   0,    0) (   1,    2) (  98,   42) (  81,   87) (  81,   87) (  81,   81) (  81,   81)
          (  81,   81) (  81,   81) (  81,   81) (  81,   81) (  81,   81) (  81,   81) (  81,   81) (  81,   81) (  81,   81) (  81,   81)
          (  81,   81) (  81,   81) (  81,   81) (  81,   81) (  81,   81) (  81,   81) (  81,   81) (  81,   81) (  81,   81) (  81,   81)
          (  81,   81) (  81,   81) (  81,   81) (  81,   81) (  81,   81) (  81,   81) (  81,   81) (  81,   81) (  81,   81) (  81,   81)
          (  81,   81) (  81,   81) (  81,   81) (  81,   81) (  81,   81) (  81,   81) (  81,   81) (  81,   81) (  81,   81) (  81,   81)
          (  81,   81) (  81,   81) (  81,   81) (  81,   81) (  81,   81) (  81,   81) (  81,   81) (  81,   81) (  81,   81) (  81,   81)
          (  81,   81) (  81,   81) (  81,   81) (  81,   81) (  81,   81) (  81,   81) (  81,   81) (  81,   81) (  81,   81) (  81,   81)
          (  81,   81) (  81,   81) (  81,   81) (  81,   81) (  81,   81) (  81,   81) (  81,   81) (  81,   81) (  81,   81) (  81,   81)
          (  81,   81) (  81,   81) (  81,   81) (  81,   81) (  81,   81) (  81,   81) (  81,   81) (  81,   81) (  81,   81) (  81,   81)
          (  81,   81) (  81,   81) (  81,   81) (  81,   81) (  81,   81) (  81,   81) (  81,   81) (  81,   81) (  81,   81) (  81,   81)
          (  81,   81) (  81,   81) (  73,   72) (  73,   64) (  73,   64) (  73,   64) (  73,   64) (  72,   64) (  64,   64) (  64,   64)
          (  64,   64) (  64,   64) (  64,   64) (  64,   64) (  64,   64) (  64,   64) (  64,   64) (  64,   64) (  64,   64) (  64,   64)
          (  64,   64) (  64,   64) (  64,   64) (  64,   64) (  64,   64) (  64,   64) (  64,   64) (  64,   64) (  64,   64) (  64,   64)
          (  64,   64) (  64,   64) (  64,   64) (  64,   64) (  64,   64) (  64,   64) (  64,   64) (  64,   64) (  64,   64) (  64,   64)
          (  64,   64) (  64,   64) (  64,   64) (  64,   64) (  64,   64) (  64,   64) (  64,   64) (  64,   64) (  64,   64) (  64,   64)
          (  64,   64) (  64,   64) (  64,   64) (  64,   64) (  64,   64) (  64,   64) (  64,   64) (  64,   64) (  64,   64) (  64,   64)
          (  64,   64) (  64,   64) (  64,   64) (  64,   64) (  64,   64) (  64,   64) (  64,   64) (  64,   64) (  64,   64) (  64,   64)
          (  64,   64) (  64,   64) (  64,   64) (  64,   64) (  64,   64) (  64,   64) (  64,   64) (  64,   64) (  64,   64) (  64,   64)
          (  64,   64) (  64,   64) (  64,   64) (  64,   64) (  64,   64) (  64,   64) (  64,   64) (  64,   64) (  64,   64) (  64,   64)
          (  64,   64) (  64,   64) (  64,   64) (  64,   64) (  64,   64) (  64,   64) (  64,   64) (  64,   64) (  64,   64) (  64,   64)
          (  64,   64) (  64,   64) (  64,   64) (  64,   64) (  64,   64) (  64,   64) (  64,   64) (  64,   64) (  64,   64) (  64,   64)
          (  64,   64) (  64,   64) (  64,   64) (  64,   64) (  64,   64) (  64,   64) (  64,   64) (  64,   64) (  64,   64) (  64,   64)
          (  64,   64) (  64,   64) (  64,   64) (  64,   64) (  64,   64) (  64,   64) (  64,   64) (  64,   64) (  64,   64) (  64,   64)
          (  64,   64) (  64,   64) (  64,   64) (  64,   64) (  64,   64) (  64,   64) (  64,   64) (  64,   64) (  64,   64) (  64,   64)
          (  64,   64) (  64,   64) (  64,   64) (  64,   64) (  64,   64) (  64,   64) (  64,   64) (  64,   64) (  64,   64) (  64,   64)
          (  64,   64) (  64,   64) (  64,   64) (  64,   64) (  64,   64) (  64,   64) (  64,   64) (  64,   64) (  64,   64) (  64,   64)
          (  64,   64) (  64,   64) (  64,   64) (  64,   64) (  64,   64) (  64,   64) (  64,   64) (  64,   64) (  64,   64) (  64,   64)
          (  64,   64) (  64,   64) (  64,   64) (  64,   64) (  64,   64) (  64,   64) (  64,   64) (  64,   64) (  64,   64) (  64,   64)
          (  64,   64) (  64,   64) (  64,   64) (  64,   64) (  64,   64) (  64,   64) (  64,   64) (  64,   64) (  64,   64) (  64,   64)
          (  64,   64) (  64,   64) (  64,   64) (  64,   64) (  64,   64) (  64,   64) (  64,   64) (  64,   64) (  64,   64) (  64,   64)
          (  64,   64) (  64,   64) (  64,   64) (  64,   64) (  64,   64) (  64,   64) (  64,   64) (  64,   64) (  64,   64) (  64,   64)
          (  64,   64) (  64,   64) (  64,   64) (  64,   64) (  64,   64) (  64,   64) (  64,   64) (  64,   64) (  64,   64) (  64,   64)
          (  64,   64) (  64,   64) (  64,   64) (  64,   64) (  64,   64) (  64,   64) (  64,   64) (  64,   64) (  64,   64) (  64,   64)
          (  64,   64) (  64,   64) (  64,   64) (  64,   64) (  64,   64) (  64,   64) (  64,   64) (  64,   64) (  64,   64) (  64,   64)
          (  64,   64) (  64,   64) (  64,   64) (  64,   64) (  64,   64) (  64,   64) (  64,   64) (  64,   64) (  64,   64) (  64,   64)
          (  64,   64) (  64,   64) (  64,   64) (  64,   64) (  64,   64) (  64,   64) (  64,   64) (  64,   64) (  64,   64) (  64,   64)
          (  64,   64) (  64,   64) (  64,   64) (  64,   64) (  64,   64) (  64,   64) (  64,   64) (  64,   64) (  64,   64) (  64,   64)
          (  64,   64) (  64,   64) (  64,   64) (  64,   64) (  64,   64) (  64,   64) (  64,   64) (  64,   64) (  64,   64) (  64,   64)
          (  64,   64) (  64,   64) (  64,   64) (  64,   64) (  64,   64) (  64,   64) (  64,   64) (  64,   64) (  64,   64) (  64,   64)
          (  64,   64) (  64,   64) (  64,   64) (  64,   64) (  64,   64) (  64,   64) (  64,   64) (  64,   64) (  64,   64) (  64,   64)
          (  64,   64) (  64,   64) (  64,   64) (  64,   64) (  64,   64) (  64,   64) (  64,   64) (  64,   64) (  64,   64) (  64,   64)
          (  64,   64) (  64,   64) (  64,   64) (  64,   64) (  64,   64) (  64,   64) (  64,   64) (  64,   64) (  64,   64) (  64,   64)
          (  64,   64) (  64,   64) (  64,   64) (  64,   64) (  64,   64) (  64,   64) (  64,   64) (  64,   64) (  64,   64) (  64,   64)
          (  64,   64) (  64,   64) (  64,   64) (  64,   64) (  64,   64) (  64,   64) (  64,   64) (  64,   64) (  64,   64) (  64,   64)
          (  64,   64) (  64,   64) (  64,   64) (  64,   64) (  64,   64) (  64,   64) (  64,   64) (  64,   64) (  64,   64) (  64,   64)
          (  64,   64) (  64,   64) (  64,   64) (  64,   64) (  64,   64) (  64,   64) (  64,   64) (  64,   64) (  64,   64) (  64,   64)
          (  64,   64) (  64,   64) (  64,   64) (  64,   64) (  64,   64) (  64,   64) (  64,   64) (  64,   64) (  64,   64) (  64,   64)
          (  64,   64) (  64,   64) (  64,   64) (  64,   64) (  64,   64) (  64,   64) (  64,   64) (  64,   64) (  64,   64) (  64,   64)
          (  64,   64) (  64,   64) (  64,   64) (  64,   64) (  64,   64) (  64,   64) (  64,   64) (  64,   64) (  64,   64) (  64,   64)
          (  64,   64) (  64,   64) (  64,   64) (  64,   64) (  64,   64) (  64,   64) (  64,   64) (  64,   64) (  64,   64) (  64,   64)
          (  64,   64) (  64,   64) (  64,   64) (  64,   64) (  64,   64) (  64,   64) (  64,   64) (  64,   64) (  64,   64) (  64,   64)
          (  64,   64) (  64,   64) (  64,   64) (  64,   64) (  64,   64) (  64,   64) (  64,   64) (  64,   64) (  64,   64) (  64,   64)
          (  64,   64) (  64,   64) (  64,   64) (  64,   64) (  64,   64) (  64,   64) (  64,   64) (  64,   64) (  64,   64) (  64,   64)
          (  64,   64) (  64,   64) (  64,   64) (  64,   64) (  64,   64) (  64,   64) (  64,   64) (  64,   64) (  64,   64) (  64,   64)
          (  64,   64) (  64,   64) (  64,   64) (  64,   64) (  64,   64) (  64,   64) (  64,   64) (  64,   64) (  64,   64) (  64,   64)
          (  64,   64) (  64,   64) (  64,   64) (  64,   64) (  64,   64) (  64,   64) (  64,   64) (  64,   64) (  64,   64) (  64,   64)
          (  64,   64) (  64,   64) (  64,   64) (  64,   64) (  64,   64) (  64,   64) (  64,   64) (  64,   64) (  64,   64) (  64,   64)
          (  64,   64) (  64,   64) (  64,   64) (  64,   64) (  64,   64) (  64,   64) (  64,   64) (  64,   64) (  64,   64) (  64,   64)
          (  64,   64) (  64,   64) (  64,   64) (  64,   64) (  64,   64) (  64,   64) (  64,   64) (  64,   64) (  64,   64) (  64,   64)
          (  64,   64) (  64,   64) (  64,   64) (  64,   64) (  64,   64) (  64,   64) (  64,   64) (  64,   64) (  64,   64) (  64,   64)
          (  64,   64) (  64,   64) (  64,   64) (  64,   64) (  64,   64) (  64,   64) (  64,   64) (  64,   64) (  64,   64) (  64,   64)
          (  64,   64) (  64,   64) (  64,   64) (  64,   64) (  64,   64) (  64,   64) (  64,   64) (  64,   64) (  64,   64) (  64,   64)
          (  64,   64) (  64,   64) (  64,   64) (  64,   64) (  64,   64) (  64,   64) (  64,   64) (  64,   64) (  64,   64) (  64,   64)
          (  64,   64) (  64,   64) (  64,   64) (  64,   64) (  64,   64) (  64,   64) (  64,   64) (  64,   64) (  64,   64) (  64,   64)
          (  64,   64) (  64,   64) (  64,   64) (  64,   64) (  64,   64) (  64,   64) (  64,   64) (  64,   64) (  64,   64) (  64,   64)
          (  64,   64) (  64,   64) (  64,   64) (  64,   64) (  64,   64) (  64,   64) (  64,   64) (  64,   64) (  64,   64) (  64,   64)
          (  64,   64) (  64,   64) (  64,   64) (  64,   64) (  64,   64) (  64,   64) (  64,   64) (  64,   64) (  64,   64) (  64,   64)
          (  64,   64) (  64,   64) (  64,   64) (  64,   64) (  64,   64) (  64,   64) (  64,   64) (  64,   64) (  64,   64) (  64,   64)
          (  64,   64) (  64,   64) (  64,   64) (  64,   64) (  64,   64) (  64,   64) (  64,   64) (  64,   64) (  64,   64) (  64,   64)
          (  64,   64) (  64,   64) (  64,   64) (  64,   64) (  64,   64) (  64,   64) (  64,   64) (  64,   64) (  64,   64) (  64,   64)
         
node  10 sent_total  46201  recv_total  46112

